{"/app/api/index.js":{"path":"/app/api/index.js","statementMap":{"0":{"start":{"line":3,"column":29},"end":{"line":3,"column":84}},"1":{"start":{"line":5,"column":15},"end":{"line":5,"column":57}},"2":{"start":{"line":7,"column":18},"end":{"line":7,"column":64}},"3":{"start":{"line":9,"column":18},"end":{"line":9,"column":79}},"4":{"start":{"line":11,"column":18},"end":{"line":11,"column":79}},"5":{"start":{"line":13,"column":18},"end":{"line":13,"column":79}},"6":{"start":{"line":15,"column":17},"end":{"line":15,"column":77}},"7":{"start":{"line":17,"column":10},"end":{"line":17,"column":36}},"8":{"start":{"line":18,"column":0},"end":{"line":18,"column":39}},"9":{"start":{"line":19,"column":0},"end":{"line":21,"column":4}},"10":{"start":{"line":22,"column":11},"end":{"line":22,"column":35}},"11":{"start":{"line":23,"column":0},"end":{"line":23,"column":48}},"12":{"start":{"line":24,"column":0},"end":{"line":24,"column":47}},"13":{"start":{"line":25,"column":0},"end":{"line":25,"column":44}},"14":{"start":{"line":26,"column":0},"end":{"line":26,"column":46}},"15":{"start":{"line":28,"column":0},"end":{"line":32,"column":3}},"16":{"start":{"line":29,"column":2},"end":{"line":31,"column":5}},"17":{"start":{"line":33,"column":0},"end":{"line":35,"column":3}},"18":{"start":{"line":34,"column":2},"end":{"line":34,"column":57}},"19":{"start":{"line":36,"column":0},"end":{"line":36,"column":21}}},"fnMap":{"0":{"name":"(anonymous_0)","decl":{"start":{"line":28,"column":13},"end":{"line":28,"column":14}},"loc":{"start":{"line":28,"column":33},"end":{"line":32,"column":1}},"line":28},"1":{"name":"(anonymous_1)","decl":{"start":{"line":33,"column":17},"end":{"line":33,"column":18}},"loc":{"start":{"line":33,"column":29},"end":{"line":35,"column":1}},"line":33}},"branchMap":{"0":{"loc":{"start":{"line":22,"column":11},"end":{"line":22,"column":35}},"type":"binary-expr","locations":[{"start":{"line":22,"column":11},"end":{"line":22,"column":27}},{"start":{"line":22,"column":31},"end":{"line":22,"column":35}}],"line":22}},"s":{"0":1,"1":1,"2":1,"3":1,"4":1,"5":1,"6":1,"7":1,"8":1,"9":1,"10":1,"11":1,"12":1,"13":1,"14":1,"15":1,"16":0,"17":1,"18":1,"19":1},"f":{"0":0,"1":1},"b":{"0":[1,1]},"inputSourceMap":{"version":3,"sources":["index.js"],"names":["app","use","bodyParser","json","urlencoded","extended","port","process","env","PORT","ProductRoutes","TableRoutes","ItemRoutes","OrderRoutes","get","req","res","status","send","message","listen","console","log","module","exports"],"mappings":";;;;AAAA;;AACA;;AACA;;AACA;;AACA;;AACA;;AAGA,IAAMA,GAAG,GAAG,0BAAZ;AAEAA,GAAG,CAACC,GAAJ,CAAQC,uBAAWC,IAAX,EAAR;AACAH,GAAG,CAACC,GAAJ,CAAQC,uBAAWE,UAAX,CAAsB;AAAEC,EAAAA,QAAQ,EAAE;AAAZ,CAAtB,CAAR;AAEA,IAAMC,IAAI,GAAGC,OAAO,CAACC,GAAR,CAAYC,IAAZ,IAAoB,IAAjC;AAEAT,GAAG,CAACC,GAAJ,CAAQ,cAAR,EAAwBS,sBAAxB;AACAV,GAAG,CAACC,GAAJ,CAAQ,aAAR,EAAuBU,sBAAvB;AACAX,GAAG,CAACC,GAAJ,CAAQ,WAAR,EAAqBW,qBAArB;AACAZ,GAAG,CAACC,GAAJ,CAAQ,YAAR,EAAsBY,sBAAtB,E,CAEA;;AACAb,GAAG,CAACc,GAAJ,CAAQ,GAAR,EAAa,UAACC,GAAD,EAAMC,GAAN;AAAA,SAAcA,GAAG,CAACC,MAAJ,CAAW,GAAX,EAAgBC,IAAhB,CAAqB;AAC9CC,IAAAA,OAAO,EAAE;AADqC,GAArB,CAAd;AAAA,CAAb;AAIAnB,GAAG,CAACoB,MAAJ,CAAWd,IAAX,EAAiB,YAAM;AACrBe,EAAAA,OAAO,CAACC,GAAR,qCAAyChB,IAAzC;AACD,CAFD;AAIAiB,MAAM,CAACC,OAAP,GAAiBxB,GAAjB","sourceRoot":"/app/api","sourcesContent":["import express from 'express'\nimport bodyParser from 'body-parser'\nimport ProductRoutes from './server/routes/MenuRoutes';\nimport TableRoutes from './server/routes/TableRoute';\nimport OrderRoutes from './server/routes/OrderRoute';\nimport ItemRoutes from './server/routes/ItemRoute';\n\n\nconst app = express();\n\napp.use(bodyParser.json());\napp.use(bodyParser.urlencoded({ extended: false }));\n\nconst port = process.env.PORT || 3000;\n\napp.use('/api/product', ProductRoutes);\napp.use('/api/tables', TableRoutes);\napp.use('/api/item', ItemRoutes);\napp.use('/api/order', OrderRoutes);\n\n// when a random route is inputed\napp.get('*', (req, res) => res.status(200).send({\n  message: 'Welcome to this API.',\n}));\n\napp.listen(port, () => {\n  console.log(`Server is running on PORT ${port}`);\n});\n\nmodule.exports = app"]},"_coverageSchema":"1a1c01bbd47fc00a2c39e90264f33305004495a9","hash":"71c5d14594591dba4c5c24cf15c5ead2ab971623","contentHash":"ab3712f627b39f415af39bd11c81471220be5a14b38e51d73d70c92d48ee3e93"},"/app/api/server/routes/MenuRoutes.js":{"path":"/app/api/server/routes/MenuRoutes.js","statementMap":{"0":{"start":{"line":3,"column":29},"end":{"line":3,"column":84}},"1":{"start":{"line":5,"column":0},"end":{"line":7,"column":3}},"2":{"start":{"line":8,"column":0},"end":{"line":8,"column":28}},"3":{"start":{"line":10,"column":15},"end":{"line":10,"column":33}},"4":{"start":{"line":12,"column":22},"end":{"line":12,"column":89}},"5":{"start":{"line":14,"column":13},"end":{"line":14,"column":35}},"6":{"start":{"line":15,"column":0},"end":{"line":15,"column":59}},"7":{"start":{"line":16,"column":0},"end":{"line":16,"column":56}},"8":{"start":{"line":17,"column":0},"end":{"line":17,"column":58}},"9":{"start":{"line":18,"column":0},"end":{"line":18,"column":62}},"10":{"start":{"line":19,"column":0},"end":{"line":19,"column":67}},"11":{"start":{"line":20,"column":15},"end":{"line":20,"column":21}},"12":{"start":{"line":21,"column":0},"end":{"line":21,"column":30}}},"fnMap":{},"branchMap":{},"s":{"0":1,"1":1,"2":1,"3":1,"4":1,"5":1,"6":1,"7":1,"8":1,"9":1,"10":1,"11":1,"12":1},"f":{},"b":{},"inputSourceMap":{"version":3,"sources":["MenuRoutes.js"],"names":["router","get","ProductController","getAllProducts","post","addProduct","getProduct","put","updatedProduct","deleteProduct"],"mappings":";;;;;;;;;AAAA;;AACA;;AAEA,IAAMA,MAAM,GAAG,sBAAf;AACAA,MAAM,CAACC,GAAP,CAAW,GAAX,EAAgBC,2BAAkBC,cAAlC;AACAH,MAAM,CAACI,IAAP,CAAY,GAAZ,EAAiBF,2BAAkBG,UAAnC;AACAL,MAAM,CAACC,GAAP,CAAW,MAAX,EAAmBC,2BAAkBI,UAArC;AACAN,MAAM,CAACO,GAAP,CAAW,MAAX,EAAmBL,2BAAkBM,cAArC;AACAR,MAAM,UAAN,CAAc,MAAd,EAAsBE,2BAAkBO,aAAxC;eAEeT,M","sourceRoot":"/app/api/server/routes","sourcesContent":["import { Router } from 'express'\nimport ProductController from '../controllers/MenuController.js'\n\nconst router = Router()\nrouter.get('/', ProductController.getAllProducts)\nrouter.post('/', ProductController.addProduct)\nrouter.get('/:id', ProductController.getProduct)\nrouter.put('/:id', ProductController.updatedProduct)\nrouter.delete('/:id', ProductController.deleteProduct)\n\nexport default router"]},"_coverageSchema":"1a1c01bbd47fc00a2c39e90264f33305004495a9","hash":"7aae6d9ce09235c942ad5da75fa7ebb1fa9cc294","contentHash":"9aff4a83ddca1dae4584edb01d8bbec74a26fbfab2f503a2cd02fda7e181b234"},"/app/api/server/controllers/MenuController.js":{"path":"/app/api/server/controllers/MenuController.js","statementMap":{"0":{"start":{"line":3,"column":29},"end":{"line":3,"column":84}},"1":{"start":{"line":5,"column":0},"end":{"line":7,"column":3}},"2":{"start":{"line":8,"column":0},"end":{"line":8,"column":28}},"3":{"start":{"line":10,"column":15},"end":{"line":10,"column":79}},"4":{"start":{"line":12,"column":19},"end":{"line":12,"column":80}},"5":{"start":{"line":14,"column":25},"end":{"line":14,"column":99}},"6":{"start":{"line":16,"column":23},"end":{"line":16,"column":95}},"7":{"start":{"line":18,"column":20},"end":{"line":18,"column":89}},"8":{"start":{"line":20,"column":19},"end":{"line":20,"column":80}},"9":{"start":{"line":22,"column":13},"end":{"line":22,"column":62}},"10":{"start":{"line":24,"column":11},"end":{"line":24,"column":34}},"11":{"start":{"line":28,"column":0},"end":{"line":304,"column":3}},"12":{"start":{"line":30,"column":4},"end":{"line":30,"column":62}},"13":{"start":{"line":33,"column":2},"end":{"line":302,"column":6}},"14":{"start":{"line":36,"column":28},"end":{"line":72,"column":9}},"15":{"start":{"line":40,"column":8},"end":{"line":71,"column":36}},"16":{"start":{"line":41,"column":10},"end":{"line":70,"column":11}},"17":{"start":{"line":42,"column":12},"end":{"line":69,"column":13}},"18":{"start":{"line":44,"column":16},"end":{"line":44,"column":34}},"19":{"start":{"line":45,"column":16},"end":{"line":45,"column":34}},"20":{"start":{"line":46,"column":16},"end":{"line":46,"column":64}},"21":{"start":{"line":49,"column":16},"end":{"line":49,"column":43}},"22":{"start":{"line":51,"column":16},"end":{"line":55,"column":17}},"23":{"start":{"line":52,"column":18},"end":{"line":52,"column":71}},"24":{"start":{"line":54,"column":18},"end":{"line":54,"column":59}},"25":{"start":{"line":57,"column":16},"end":{"line":57,"column":65}},"26":{"start":{"line":60,"column":16},"end":{"line":60,"column":34}},"27":{"start":{"line":61,"column":16},"end":{"line":61,"column":51}},"28":{"start":{"line":62,"column":16},"end":{"line":62,"column":41}},"29":{"start":{"line":63,"column":16},"end":{"line":63,"column":48}},"30":{"start":{"line":64,"column":16},"end":{"line":64,"column":65}},"31":{"start":{"line":68,"column":16},"end":{"line":68,"column":39}},"32":{"start":{"line":75,"column":8},"end":{"line":75,"column":54}},"33":{"start":{"line":78,"column":6},"end":{"line":78,"column":28}},"34":{"start":{"line":83,"column":24},"end":{"line":122,"column":9}},"35":{"start":{"line":87,"column":8},"end":{"line":121,"column":38}},"36":{"start":{"line":88,"column":10},"end":{"line":120,"column":11}},"37":{"start":{"line":89,"column":12},"end":{"line":119,"column":13}},"38":{"start":{"line":91,"column":16},"end":{"line":94,"column":17}},"39":{"start":{"line":92,"column":18},"end":{"line":92,"column":37}},"40":{"start":{"line":93,"column":18},"end":{"line":93,"column":24}},"41":{"start":{"line":96,"column":16},"end":{"line":96,"column":70}},"42":{"start":{"line":97,"column":16},"end":{"line":97,"column":66}},"43":{"start":{"line":100,"column":16},"end":{"line":100,"column":38}},"44":{"start":{"line":101,"column":16},"end":{"line":101,"column":35}},"45":{"start":{"line":102,"column":16},"end":{"line":102,"column":35}},"46":{"start":{"line":103,"column":16},"end":{"line":103,"column":70}},"47":{"start":{"line":106,"column":16},"end":{"line":106,"column":48}},"48":{"start":{"line":107,"column":16},"end":{"line":107,"column":71}},"49":{"start":{"line":108,"column":16},"end":{"line":108,"column":66}},"50":{"start":{"line":111,"column":16},"end":{"line":111,"column":36}},"51":{"start":{"line":112,"column":16},"end":{"line":112,"column":53}},"52":{"start":{"line":113,"column":16},"end":{"line":113,"column":57}},"53":{"start":{"line":114,"column":16},"end":{"line":114,"column":66}},"54":{"start":{"line":118,"column":16},"end":{"line":118,"column":40}},"55":{"start":{"line":125,"column":8},"end":{"line":125,"column":50}},"56":{"start":{"line":128,"column":6},"end":{"line":128,"column":24}},"57":{"start":{"line":133,"column":28},"end":{"line":180,"column":9}},"58":{"start":{"line":137,"column":8},"end":{"line":179,"column":38}},"59":{"start":{"line":138,"column":10},"end":{"line":178,"column":11}},"60":{"start":{"line":139,"column":12},"end":{"line":177,"column":13}},"61":{"start":{"line":141,"column":16},"end":{"line":141,"column":42}},"62":{"start":{"line":142,"column":16},"end":{"line":142,"column":35}},"63":{"start":{"line":144,"column":16},"end":{"line":147,"column":17}},"64":{"start":{"line":145,"column":18},"end":{"line":145,"column":37}},"65":{"start":{"line":146,"column":18},"end":{"line":146,"column":24}},"66":{"start":{"line":149,"column":16},"end":{"line":149,"column":73}},"67":{"start":{"line":150,"column":16},"end":{"line":150,"column":66}},"68":{"start":{"line":153,"column":16},"end":{"line":153,"column":35}},"69":{"start":{"line":154,"column":16},"end":{"line":154,"column":35}},"70":{"start":{"line":155,"column":16},"end":{"line":155,"column":81}},"71":{"start":{"line":158,"column":16},"end":{"line":158,"column":47}},"72":{"start":{"line":160,"column":16},"end":{"line":164,"column":17}},"73":{"start":{"line":161,"column":18},"end":{"line":161,"column":85}},"74":{"start":{"line":163,"column":18},"end":{"line":163,"column":73}},"75":{"start":{"line":166,"column":16},"end":{"line":166,"column":66}},"76":{"start":{"line":169,"column":16},"end":{"line":169,"column":36}},"77":{"start":{"line":170,"column":16},"end":{"line":170,"column":53}},"78":{"start":{"line":171,"column":16},"end":{"line":171,"column":49}},"79":{"start":{"line":172,"column":16},"end":{"line":172,"column":66}},"80":{"start":{"line":176,"column":16},"end":{"line":176,"column":40}},"81":{"start":{"line":183,"column":8},"end":{"line":183,"column":54}},"82":{"start":{"line":186,"column":6},"end":{"line":186,"column":28}},"83":{"start":{"line":191,"column":24},"end":{"line":237,"column":9}},"84":{"start":{"line":195,"column":8},"end":{"line":236,"column":38}},"85":{"start":{"line":196,"column":10},"end":{"line":235,"column":11}},"86":{"start":{"line":197,"column":12},"end":{"line":234,"column":13}},"87":{"start":{"line":199,"column":16},"end":{"line":199,"column":35}},"88":{"start":{"line":201,"column":16},"end":{"line":204,"column":17}},"89":{"start":{"line":202,"column":18},"end":{"line":202,"column":37}},"90":{"start":{"line":203,"column":18},"end":{"line":203,"column":24}},"91":{"start":{"line":206,"column":16},"end":{"line":206,"column":73}},"92":{"start":{"line":207,"column":16},"end":{"line":207,"column":66}},"93":{"start":{"line":210,"column":16},"end":{"line":210,"column":35}},"94":{"start":{"line":211,"column":16},"end":{"line":211,"column":35}},"95":{"start":{"line":212,"column":16},"end":{"line":212,"column":62}},"96":{"start":{"line":215,"column":16},"end":{"line":215,"column":44}},"97":{"start":{"line":217,"column":16},"end":{"line":221,"column":17}},"98":{"start":{"line":218,"column":18},"end":{"line":218,"column":84}},"99":{"start":{"line":220,"column":18},"end":{"line":220,"column":68}},"100":{"start":{"line":223,"column":16},"end":{"line":223,"column":66}},"101":{"start":{"line":226,"column":16},"end":{"line":226,"column":36}},"102":{"start":{"line":227,"column":16},"end":{"line":227,"column":53}},"103":{"start":{"line":228,"column":16},"end":{"line":228,"column":49}},"104":{"start":{"line":229,"column":16},"end":{"line":229,"column":66}},"105":{"start":{"line":233,"column":16},"end":{"line":233,"column":40}},"106":{"start":{"line":240,"column":8},"end":{"line":240,"column":50}},"107":{"start":{"line":243,"column":6},"end":{"line":243,"column":24}},"108":{"start":{"line":248,"column":27},"end":{"line":294,"column":9}},"109":{"start":{"line":252,"column":8},"end":{"line":293,"column":38}},"110":{"start":{"line":253,"column":10},"end":{"line":292,"column":11}},"111":{"start":{"line":254,"column":12},"end":{"line":291,"column":13}},"112":{"start":{"line":256,"column":16},"end":{"line":256,"column":35}},"113":{"start":{"line":258,"column":16},"end":{"line":261,"column":17}},"114":{"start":{"line":259,"column":18},"end":{"line":259,"column":37}},"115":{"start":{"line":260,"column":18},"end":{"line":260,"column":24}},"116":{"start":{"line":263,"column":16},"end":{"line":263,"column":69}},"117":{"start":{"line":264,"column":16},"end":{"line":264,"column":66}},"118":{"start":{"line":267,"column":16},"end":{"line":267,"column":35}},"119":{"start":{"line":268,"column":16},"end":{"line":268,"column":35}},"120":{"start":{"line":269,"column":16},"end":{"line":269,"column":65}},"121":{"start":{"line":272,"column":16},"end":{"line":272,"column":49}},"122":{"start":{"line":274,"column":16},"end":{"line":278,"column":17}},"123":{"start":{"line":275,"column":18},"end":{"line":275,"column":58}},"124":{"start":{"line":277,"column":18},"end":{"line":277,"column":92}},"125":{"start":{"line":280,"column":16},"end":{"line":280,"column":66}},"126":{"start":{"line":283,"column":16},"end":{"line":283,"column":36}},"127":{"start":{"line":284,"column":16},"end":{"line":284,"column":53}},"128":{"start":{"line":285,"column":16},"end":{"line":285,"column":49}},"129":{"start":{"line":286,"column":16},"end":{"line":286,"column":66}},"130":{"start":{"line":290,"column":16},"end":{"line":290,"column":40}},"131":{"start":{"line":297,"column":8},"end":{"line":297,"column":53}},"132":{"start":{"line":300,"column":6},"end":{"line":300,"column":27}},"133":{"start":{"line":303,"column":2},"end":{"line":303,"column":27}},"134":{"start":{"line":306,"column":15},"end":{"line":306,"column":32}},"135":{"start":{"line":307,"column":0},"end":{"line":307,"column":30}}},"fnMap":{"0":{"name":"(anonymous_0)","decl":{"start":{"line":28,"column":0},"end":{"line":28,"column":1}},"loc":{"start":{"line":28,"column":12},"end":{"line":304,"column":1}},"line":28},"1":{"name":"ProductController","decl":{"start":{"line":29,"column":11},"end":{"line":29,"column":28}},"loc":{"start":{"line":29,"column":31},"end":{"line":31,"column":3}},"line":29},"2":{"name":"(anonymous_2)","decl":{"start":{"line":35,"column":11},"end":{"line":35,"column":12}},"loc":{"start":{"line":35,"column":23},"end":{"line":79,"column":5}},"line":35},"3":{"name":"_callee","decl":{"start":{"line":38,"column":44},"end":{"line":38,"column":51}},"loc":{"start":{"line":38,"column":62},"end":{"line":72,"column":7}},"line":38},"4":{"name":"_callee$","decl":{"start":{"line":40,"column":53},"end":{"line":40,"column":61}},"loc":{"start":{"line":40,"column":72},"end":{"line":71,"column":9}},"line":40},"5":{"name":"getAllProducts","decl":{"start":{"line":74,"column":15},"end":{"line":74,"column":29}},"loc":{"start":{"line":74,"column":39},"end":{"line":76,"column":7}},"line":74},"6":{"name":"(anonymous_6)","decl":{"start":{"line":82,"column":11},"end":{"line":82,"column":12}},"loc":{"start":{"line":82,"column":23},"end":{"line":129,"column":5}},"line":82},"7":{"name":"_callee2","decl":{"start":{"line":85,"column":44},"end":{"line":85,"column":52}},"loc":{"start":{"line":85,"column":63},"end":{"line":122,"column":7}},"line":85},"8":{"name":"_callee2$","decl":{"start":{"line":87,"column":53},"end":{"line":87,"column":62}},"loc":{"start":{"line":87,"column":74},"end":{"line":121,"column":9}},"line":87},"9":{"name":"addProduct","decl":{"start":{"line":124,"column":15},"end":{"line":124,"column":25}},"loc":{"start":{"line":124,"column":36},"end":{"line":126,"column":7}},"line":124},"10":{"name":"(anonymous_10)","decl":{"start":{"line":132,"column":11},"end":{"line":132,"column":12}},"loc":{"start":{"line":132,"column":23},"end":{"line":187,"column":5}},"line":132},"11":{"name":"_callee3","decl":{"start":{"line":135,"column":44},"end":{"line":135,"column":52}},"loc":{"start":{"line":135,"column":63},"end":{"line":180,"column":7}},"line":135},"12":{"name":"_callee3$","decl":{"start":{"line":137,"column":53},"end":{"line":137,"column":62}},"loc":{"start":{"line":137,"column":74},"end":{"line":179,"column":9}},"line":137},"13":{"name":"updatedProduct","decl":{"start":{"line":182,"column":15},"end":{"line":182,"column":29}},"loc":{"start":{"line":182,"column":40},"end":{"line":184,"column":7}},"line":182},"14":{"name":"(anonymous_14)","decl":{"start":{"line":190,"column":11},"end":{"line":190,"column":12}},"loc":{"start":{"line":190,"column":23},"end":{"line":244,"column":5}},"line":190},"15":{"name":"_callee4","decl":{"start":{"line":193,"column":44},"end":{"line":193,"column":52}},"loc":{"start":{"line":193,"column":63},"end":{"line":237,"column":7}},"line":193},"16":{"name":"_callee4$","decl":{"start":{"line":195,"column":53},"end":{"line":195,"column":62}},"loc":{"start":{"line":195,"column":74},"end":{"line":236,"column":9}},"line":195},"17":{"name":"getProduct","decl":{"start":{"line":239,"column":15},"end":{"line":239,"column":25}},"loc":{"start":{"line":239,"column":36},"end":{"line":241,"column":7}},"line":239},"18":{"name":"(anonymous_18)","decl":{"start":{"line":247,"column":11},"end":{"line":247,"column":12}},"loc":{"start":{"line":247,"column":23},"end":{"line":301,"column":5}},"line":247},"19":{"name":"_callee5","decl":{"start":{"line":250,"column":44},"end":{"line":250,"column":52}},"loc":{"start":{"line":250,"column":63},"end":{"line":294,"column":7}},"line":250},"20":{"name":"_callee5$","decl":{"start":{"line":252,"column":53},"end":{"line":252,"column":62}},"loc":{"start":{"line":252,"column":74},"end":{"line":293,"column":9}},"line":252},"21":{"name":"deleteProduct","decl":{"start":{"line":296,"column":15},"end":{"line":296,"column":28}},"loc":{"start":{"line":296,"column":40},"end":{"line":298,"column":7}},"line":296}},"branchMap":{"0":{"loc":{"start":{"line":42,"column":12},"end":{"line":69,"column":13}},"type":"switch","locations":[{"start":{"line":43,"column":14},"end":{"line":46,"column":64}},{"start":{"line":48,"column":14},"end":{"line":57,"column":65}},{"start":{"line":59,"column":14},"end":{"line":64,"column":65}},{"start":{"line":66,"column":14},"end":{"line":66,"column":22}},{"start":{"line":67,"column":14},"end":{"line":68,"column":39}}],"line":42},"1":{"loc":{"start":{"line":51,"column":16},"end":{"line":55,"column":17}},"type":"if","locations":[{"start":{"line":51,"column":16},"end":{"line":55,"column":17}},{"start":{"line":51,"column":16},"end":{"line":55,"column":17}}],"line":51},"2":{"loc":{"start":{"line":89,"column":12},"end":{"line":119,"column":13}},"type":"switch","locations":[{"start":{"line":90,"column":14},"end":{"line":97,"column":66}},{"start":{"line":99,"column":14},"end":{"line":103,"column":70}},{"start":{"line":105,"column":14},"end":{"line":108,"column":66}},{"start":{"line":110,"column":14},"end":{"line":114,"column":66}},{"start":{"line":116,"column":14},"end":{"line":116,"column":22}},{"start":{"line":117,"column":14},"end":{"line":118,"column":40}}],"line":89},"3":{"loc":{"start":{"line":91,"column":16},"end":{"line":94,"column":17}},"type":"if","locations":[{"start":{"line":91,"column":16},"end":{"line":94,"column":17}},{"start":{"line":91,"column":16},"end":{"line":94,"column":17}}],"line":91},"4":{"loc":{"start":{"line":91,"column":22},"end":{"line":91,"column":120}},"type":"binary-expr","locations":[{"start":{"line":91,"column":22},"end":{"line":91,"column":36}},{"start":{"line":91,"column":40},"end":{"line":91,"column":55}},{"start":{"line":91,"column":59},"end":{"line":91,"column":120}}],"line":91},"5":{"loc":{"start":{"line":139,"column":12},"end":{"line":177,"column":13}},"type":"switch","locations":[{"start":{"line":140,"column":14},"end":{"line":150,"column":66}},{"start":{"line":152,"column":14},"end":{"line":155,"column":81}},{"start":{"line":157,"column":14},"end":{"line":166,"column":66}},{"start":{"line":168,"column":14},"end":{"line":172,"column":66}},{"start":{"line":174,"column":14},"end":{"line":174,"column":22}},{"start":{"line":175,"column":14},"end":{"line":176,"column":40}}],"line":139},"6":{"loc":{"start":{"line":144,"column":16},"end":{"line":147,"column":17}},"type":"if","locations":[{"start":{"line":144,"column":16},"end":{"line":147,"column":17}},{"start":{"line":144,"column":16},"end":{"line":147,"column":17}}],"line":144},"7":{"loc":{"start":{"line":160,"column":16},"end":{"line":164,"column":17}},"type":"if","locations":[{"start":{"line":160,"column":16},"end":{"line":164,"column":17}},{"start":{"line":160,"column":16},"end":{"line":164,"column":17}}],"line":160},"8":{"loc":{"start":{"line":197,"column":12},"end":{"line":234,"column":13}},"type":"switch","locations":[{"start":{"line":198,"column":14},"end":{"line":207,"column":66}},{"start":{"line":209,"column":14},"end":{"line":212,"column":62}},{"start":{"line":214,"column":14},"end":{"line":223,"column":66}},{"start":{"line":225,"column":14},"end":{"line":229,"column":66}},{"start":{"line":231,"column":14},"end":{"line":231,"column":22}},{"start":{"line":232,"column":14},"end":{"line":233,"column":40}}],"line":197},"9":{"loc":{"start":{"line":201,"column":16},"end":{"line":204,"column":17}},"type":"if","locations":[{"start":{"line":201,"column":16},"end":{"line":204,"column":17}},{"start":{"line":201,"column":16},"end":{"line":204,"column":17}}],"line":201},"10":{"loc":{"start":{"line":217,"column":16},"end":{"line":221,"column":17}},"type":"if","locations":[{"start":{"line":217,"column":16},"end":{"line":221,"column":17}},{"start":{"line":217,"column":16},"end":{"line":221,"column":17}}],"line":217},"11":{"loc":{"start":{"line":254,"column":12},"end":{"line":291,"column":13}},"type":"switch","locations":[{"start":{"line":255,"column":14},"end":{"line":264,"column":66}},{"start":{"line":266,"column":14},"end":{"line":269,"column":65}},{"start":{"line":271,"column":14},"end":{"line":280,"column":66}},{"start":{"line":282,"column":14},"end":{"line":286,"column":66}},{"start":{"line":288,"column":14},"end":{"line":288,"column":22}},{"start":{"line":289,"column":14},"end":{"line":290,"column":40}}],"line":254},"12":{"loc":{"start":{"line":258,"column":16},"end":{"line":261,"column":17}},"type":"if","locations":[{"start":{"line":258,"column":16},"end":{"line":261,"column":17}},{"start":{"line":258,"column":16},"end":{"line":261,"column":17}}],"line":258},"13":{"loc":{"start":{"line":274,"column":16},"end":{"line":278,"column":17}},"type":"if","locations":[{"start":{"line":274,"column":16},"end":{"line":278,"column":17}},{"start":{"line":274,"column":16},"end":{"line":278,"column":17}}],"line":274}},"s":{"0":1,"1":1,"2":1,"3":1,"4":1,"5":1,"6":1,"7":1,"8":1,"9":1,"10":1,"11":1,"12":0,"13":1,"14":1,"15":2,"16":6,"17":6,"18":2,"19":2,"20":2,"21":2,"22":2,"23":2,"24":0,"25":2,"26":0,"27":0,"28":0,"29":0,"30":0,"31":2,"32":2,"33":1,"34":1,"35":4,"36":11,"37":14,"38":4,"39":3,"40":3,"41":1,"42":1,"43":3,"44":3,"45":3,"46":3,"47":3,"48":3,"49":3,"50":0,"51":0,"52":0,"53":0,"54":4,"55":4,"56":1,"57":1,"58":2,"59":6,"60":8,"61":2,"62":2,"63":2,"64":2,"65":2,"66":0,"67":0,"68":2,"69":2,"70":2,"71":2,"72":2,"73":1,"74":1,"75":2,"76":0,"77":0,"78":0,"79":0,"80":2,"81":2,"82":1,"83":1,"84":2,"85":5,"86":6,"87":2,"88":2,"89":1,"90":1,"91":1,"92":1,"93":1,"94":1,"95":1,"96":1,"97":1,"98":1,"99":0,"100":1,"101":0,"102":0,"103":0,"104":0,"105":2,"106":2,"107":1,"108":1,"109":0,"110":0,"111":0,"112":0,"113":0,"114":0,"115":0,"116":0,"117":0,"118":0,"119":0,"120":0,"121":0,"122":0,"123":0,"124":0,"125":0,"126":0,"127":0,"128":0,"129":0,"130":0,"131":0,"132":1,"133":1,"134":1,"135":1},"f":{"0":1,"1":0,"2":1,"3":2,"4":6,"5":2,"6":1,"7":4,"8":11,"9":4,"10":1,"11":2,"12":6,"13":2,"14":1,"15":2,"16":5,"17":2,"18":1,"19":0,"20":0,"21":0},"b":{"0":[2,2,0,0,2],"1":[2,0],"2":[4,3,3,0,0,4],"3":[3,1],"4":[4,3,3],"5":[2,2,2,0,0,2],"6":[2,0],"7":[1,1],"8":[2,1,1,0,0,2],"9":[1,1],"10":[1,0],"11":[0,0,0,0,0,0],"12":[0,0],"13":[0,0]},"inputSourceMap":{"version":3,"sources":["MenuController.js"],"names":["util","Util","ProductController","req","res","ProductService","getAllProducts","allProduct","length","setSuccess","send","console","log","setError","body","item","price","isAlcoholic","newProduct","addProduct","createdProduct","message","alteredProduct","id","params","Number","updateProduct","getProduct","theProduct","deleteProduct","ProductToDelete"],"mappings":";;;;;;;;;;;;;;;;;;;AAAA;;AACA;;AAEA,IAAMA,IAAI,GAAG,IAAIC,iBAAJ,EAAb;;IAEMC,iB;;;;;;;;;;;;oDACwBC,G,EAAKC,G;;;;;;;;uBAIJC,wBAAeC,cAAf,E;;;AAAnBC,gBAAAA,U;;AACN,oBAAIA,UAAU,CAACC,MAAX,GAAoB,CAAxB,EAA2B;AACzBR,kBAAAA,IAAI,CAACS,UAAL,CAAgB,GAAhB,EAAqB,kBAArB,EAAyCF,UAAzC;AACD,iBAFD,MAEO;AACLP,kBAAAA,IAAI,CAACS,UAAL,CAAgB,GAAhB,EAAqB,kBAArB;AACD;;iDACMT,IAAI,CAACU,IAAL,CAAUN,GAAV,C;;;;;AAEPO,gBAAAA,OAAO,CAACC,GAAR;AAEAZ,gBAAAA,IAAI,CAACa,QAAL,CAAc,GAAd;iDACOb,IAAI,CAACU,IAAL,CAAUN,GAAV,C;;;;;;;;;;;;;;;;;;;;;qDAIaD,G,EAAKC,G;;;;;;sBACvB,CAACD,GAAG,CAACW,IAAJ,CAASC,IAAV,IAAgB,CAACZ,GAAG,CAACW,IAAJ,CAASE,KAA1B,IAAmC,0BAAQb,GAAG,CAACW,IAAJ,CAASG,WAAjB,MAAiC,S;;;;;AACtEjB,gBAAAA,IAAI,CAACa,QAAL,CAAc,GAAd,EAAmB,iCAAnB;kDACOb,IAAI,CAACU,IAAL,CAAUN,GAAV,C;;;AAEHc,gBAAAA,U,GAAaf,GAAG,CAACW,I;;;uBAEQT,wBAAec,UAAf,CAA0BD,UAA1B,C;;;AAAvBE,gBAAAA,c;AACNpB,gBAAAA,IAAI,CAACS,UAAL,CAAgB,GAAhB,EAAqB,gBAArB,EAAuCW,cAAvC;kDACOpB,IAAI,CAACU,IAAL,CAAUN,GAAV,C;;;;;AAEPJ,gBAAAA,IAAI,CAACa,QAAL,CAAc,GAAd,EAAmB,aAAMQ,OAAzB;kDACOrB,IAAI,CAACU,IAAL,CAAUN,GAAV,C;;;;;;;;;;;;;;;;;;;;;qDAGiBD,G,EAAKC,G;;;;;;AACzBkB,gBAAAA,c,GAAiBnB,GAAG,CAACW,I;AACnBS,gBAAAA,E,GAAOpB,GAAG,CAACqB,M,CAAXD,E;;oBACHE,MAAM,CAACF,EAAD,C;;;;;AACTvB,gBAAAA,IAAI,CAACa,QAAL,CAAc,GAAd,EAAmB,oCAAnB;kDACOb,IAAI,CAACU,IAAL,CAAUN,GAAV,C;;;;;uBAGqBC,wBAAeqB,aAAf,CAA6BH,EAA7B,EAAiCD,cAAjC,C;;;AAAtBI,gBAAAA,a;;AACN,oBAAI,CAACA,aAAL,EAAoB;AAClB1B,kBAAAA,IAAI,CAACa,QAAL,CAAc,GAAd,6CAAuDU,EAAvD;AACD,iBAFD,MAEO;AACLvB,kBAAAA,IAAI,CAACS,UAAL,CAAgB,GAAhB,EAAqB,iBAArB,EAAwCiB,aAAxC;AACD;;kDACM1B,IAAI,CAACU,IAAL,CAAUN,GAAV,C;;;;;AAEPJ,gBAAAA,IAAI,CAACa,QAAL,CAAc,GAAd;kDACOb,IAAI,CAACU,IAAL,CAAUN,GAAV,C;;;;;;;;;;;;;;;;;;;;;qDAIaD,G,EAAKC,G;;;;;;AACnBmB,gBAAAA,E,GAAOpB,GAAG,CAACqB,M,CAAXD,E;;oBAEHE,MAAM,CAACF,EAAD,C;;;;;AACTvB,gBAAAA,IAAI,CAACa,QAAL,CAAc,GAAd,EAAmB,oCAAnB;kDACOb,IAAI,CAACU,IAAL,CAAUN,GAAV,C;;;;;uBAIkBC,wBAAesB,UAAf,CAA0BJ,EAA1B,C;;;AAAnBK,gBAAAA,U;;AAEN,oBAAI,CAACA,UAAL,EAAiB;AACf5B,kBAAAA,IAAI,CAACa,QAAL,CAAc,GAAd,4CAAsDU,EAAtD;AACD,iBAFD,MAEO;AACLvB,kBAAAA,IAAI,CAACS,UAAL,CAAgB,GAAhB,EAAqB,eAArB,EAAsCmB,UAAtC;AACD;;kDACM5B,IAAI,CAACU,IAAL,CAAUN,GAAV,C;;;;;AAEPJ,gBAAAA,IAAI,CAACa,QAAL,CAAc,GAAd;kDACOb,IAAI,CAACU,IAAL,CAAUN,GAAV,C;;;;;;;;;;;;;;;;;;;;;qDAIgBD,G,EAAKC,G;;;;;;AACtBmB,gBAAAA,E,GAAOpB,GAAG,CAACqB,M,CAAXD,E;;oBAEHE,MAAM,CAACF,EAAD,C;;;;;AACTvB,gBAAAA,IAAI,CAACa,QAAL,CAAc,GAAd,EAAmB,gCAAnB;kDACOb,IAAI,CAACU,IAAL,CAAUN,GAAV,C;;;;;uBAIuBC,wBAAewB,aAAf,CAA6BN,EAA7B,C;;;AAAxBO,gBAAAA,e;;AAEN,oBAAIA,eAAJ,EAAqB;AACnB9B,kBAAAA,IAAI,CAACS,UAAL,CAAgB,GAAhB,EAAqB,iBAArB;AACD,iBAFD,MAEO;AACLT,kBAAAA,IAAI,CAACa,QAAL,CAAc,GAAd,gCAA0CU,EAA1C;AACD;;kDACMvB,IAAI,CAACU,IAAL,CAAUN,GAAV,C;;;;;AAEPJ,gBAAAA,IAAI,CAACa,QAAL,CAAc,GAAd;kDACOb,IAAI,CAACU,IAAL,CAAUN,GAAV,C;;;;;;;;;;;;;;;;;;;;eAKEF,iB","sourceRoot":"/app/api/server/controllers","sourcesContent":["import ProductService from '../services/MenuService.js'\nimport Util from '../utils/Utils'\n\nconst util = new Util()\n\nclass ProductController {\n  static async getAllProducts(req, res) {\n    \n    \n    try {\n      const allProduct = await ProductService.getAllProducts()\n      if (allProduct.length > 0) {\n        util.setSuccess(200, 'Orders retrieved', allProduct)\n      } else {\n        util.setSuccess(200, 'No Product found')\n      }\n      return util.send(res)\n    } catch (error) {\n      console.log(error);\n      \n      util.setError(400, error)\n      return util.send(res)\n    }\n  }\n\n  static async addProduct(req, res) {    \n    if (!req.body.item||!req.body.price || !typeof(req.body.isAlcoholic) ==='boolean' ) {\n      util.setError(400, 'Please provide complete details')\n      return util.send(res)\n    }\n    const newProduct = req.body\n    try {\n      const createdProduct = await ProductService.addProduct(newProduct)\n      util.setSuccess(201, 'Product Added!', createdProduct)\n      return util.send(res)\n    } catch (error) {\n      util.setError(400, error.message)\n      return util.send(res)\n    }}\n\n  static async updatedProduct(req, res) {\n    const alteredProduct = req.body\n    const { id } = req.params\n    if (!Number(id)) {\n      util.setError(400, 'Please input a valid numeric value')\n      return util.send(res)\n    }\n    try {\n      const updateProduct = await ProductService.updateProduct(id, alteredProduct)\n      if (!updateProduct) {\n        util.setError(404, `Cannot find Product with the id: ${id}`)\n      } else {\n        util.setSuccess(200, 'Product updated', updateProduct)\n      }\n      return util.send(res)\n    } catch (error) {\n      util.setError(404, error)\n      return util.send(res)\n    }\n  }\n\n  static async getProduct(req, res) {\n    const { id } = req.params\n\n    if (!Number(id)) {\n      util.setError(400, 'Please input a valid numeric value')\n      return util.send(res)\n    }\n\n    try {\n      const theProduct = await ProductService.getProduct(id)\n\n      if (!theProduct) {\n        util.setError(404, `Cannot find Product with the id ${id}`)\n      } else {\n        util.setSuccess(200, 'Found Product', theProduct)\n      }\n      return util.send(res)\n    } catch (error) {\n      util.setError(404, error)\n      return util.send(res)\n    }\n  }\n\n  static async deleteProduct(req, res) {\n    const { id } = req.params\n\n    if (!Number(id)) {\n      util.setError(400, 'Please provide a numeric value')\n      return util.send(res)\n    }\n\n    try {\n      const ProductToDelete = await ProductService.deleteProduct(id)\n\n      if (ProductToDelete) {\n        util.setSuccess(200, 'Product deleted')\n      } else {\n        util.setError(404, `Product with the id ${id} cannot be found`)\n      }\n      return util.send(res)\n    } catch (error) {\n      util.setError(400, error)\n      return util.send(res)\n    }\n  }\n}\n\nexport default ProductController"]},"_coverageSchema":"1a1c01bbd47fc00a2c39e90264f33305004495a9","hash":"8da2ad725ce65b24c5776f0e379bc57515f1139b","contentHash":"1a7b5ec5a9d7cfab4e87fb5646333c579475b5d1c4061e6a314427828fb135d9"},"/app/api/server/services/MenuService.js":{"path":"/app/api/server/services/MenuService.js","statementMap":{"0":{"start":{"line":3,"column":29},"end":{"line":3,"column":84}},"1":{"start":{"line":5,"column":0},"end":{"line":7,"column":3}},"2":{"start":{"line":8,"column":0},"end":{"line":8,"column":28}},"3":{"start":{"line":10,"column":19},"end":{"line":10,"column":80}},"4":{"start":{"line":12,"column":25},"end":{"line":12,"column":99}},"5":{"start":{"line":14,"column":23},"end":{"line":14,"column":95}},"6":{"start":{"line":16,"column":20},"end":{"line":16,"column":89}},"7":{"start":{"line":18,"column":14},"end":{"line":18,"column":62}},"8":{"start":{"line":22,"column":0},"end":{"line":263,"column":3}},"9":{"start":{"line":24,"column":4},"end":{"line":24,"column":59}},"10":{"start":{"line":27,"column":2},"end":{"line":261,"column":6}},"11":{"start":{"line":30,"column":28},"end":{"line":56,"column":9}},"12":{"start":{"line":33,"column":8},"end":{"line":55,"column":36}},"13":{"start":{"line":34,"column":10},"end":{"line":54,"column":11}},"14":{"start":{"line":35,"column":12},"end":{"line":53,"column":13}},"15":{"start":{"line":37,"column":16},"end":{"line":37,"column":34}},"16":{"start":{"line":38,"column":16},"end":{"line":38,"column":34}},"17":{"start":{"line":39,"column":16},"end":{"line":39,"column":60}},"18":{"start":{"line":42,"column":16},"end":{"line":42,"column":64}},"19":{"start":{"line":45,"column":16},"end":{"line":45,"column":34}},"20":{"start":{"line":46,"column":16},"end":{"line":46,"column":51}},"21":{"start":{"line":47,"column":16},"end":{"line":47,"column":41}},"22":{"start":{"line":48,"column":16},"end":{"line":48,"column":34}},"23":{"start":{"line":52,"column":16},"end":{"line":52,"column":39}},"24":{"start":{"line":59,"column":8},"end":{"line":59,"column":54}},"25":{"start":{"line":62,"column":6},"end":{"line":62,"column":28}},"26":{"start":{"line":67,"column":24},"end":{"line":92,"column":9}},"27":{"start":{"line":70,"column":8},"end":{"line":91,"column":37}},"28":{"start":{"line":71,"column":10},"end":{"line":90,"column":11}},"29":{"start":{"line":72,"column":12},"end":{"line":89,"column":13}},"30":{"start":{"line":74,"column":16},"end":{"line":74,"column":35}},"31":{"start":{"line":75,"column":16},"end":{"line":75,"column":35}},"32":{"start":{"line":76,"column":16},"end":{"line":76,"column":69}},"33":{"start":{"line":79,"column":16},"end":{"line":79,"column":66}},"34":{"start":{"line":82,"column":16},"end":{"line":82,"column":35}},"35":{"start":{"line":83,"column":16},"end":{"line":83,"column":53}},"36":{"start":{"line":84,"column":16},"end":{"line":84,"column":35}},"37":{"start":{"line":88,"column":16},"end":{"line":88,"column":40}},"38":{"start":{"line":95,"column":8},"end":{"line":95,"column":50}},"39":{"start":{"line":98,"column":6},"end":{"line":98,"column":24}},"40":{"start":{"line":103,"column":28},"end":{"line":151,"column":9}},"41":{"start":{"line":107,"column":8},"end":{"line":150,"column":38}},"42":{"start":{"line":108,"column":10},"end":{"line":149,"column":11}},"43":{"start":{"line":109,"column":12},"end":{"line":148,"column":13}},"44":{"start":{"line":111,"column":16},"end":{"line":111,"column":35}},"45":{"start":{"line":112,"column":16},"end":{"line":112,"column":35}},"46":{"start":{"line":113,"column":16},"end":{"line":117,"column":19}},"47":{"start":{"line":120,"column":16},"end":{"line":120,"column":49}},"48":{"start":{"line":122,"column":16},"end":{"line":125,"column":17}},"49":{"start":{"line":123,"column":18},"end":{"line":123,"column":37}},"50":{"start":{"line":124,"column":18},"end":{"line":124,"column":24}},"51":{"start":{"line":127,"column":16},"end":{"line":127,"column":35}},"52":{"start":{"line":128,"column":16},"end":{"line":132,"column":19}},"53":{"start":{"line":135,"column":16},"end":{"line":135,"column":66}},"54":{"start":{"line":138,"column":16},"end":{"line":138,"column":56}},"55":{"start":{"line":141,"column":16},"end":{"line":141,"column":36}},"56":{"start":{"line":142,"column":16},"end":{"line":142,"column":53}},"57":{"start":{"line":143,"column":16},"end":{"line":143,"column":35}},"58":{"start":{"line":147,"column":16},"end":{"line":147,"column":40}},"59":{"start":{"line":154,"column":8},"end":{"line":154,"column":54}},"60":{"start":{"line":157,"column":6},"end":{"line":157,"column":27}},"61":{"start":{"line":162,"column":24},"end":{"line":193,"column":9}},"62":{"start":{"line":166,"column":8},"end":{"line":192,"column":37}},"63":{"start":{"line":167,"column":10},"end":{"line":191,"column":11}},"64":{"start":{"line":168,"column":12},"end":{"line":190,"column":13}},"65":{"start":{"line":170,"column":16},"end":{"line":170,"column":35}},"66":{"start":{"line":171,"column":16},"end":{"line":171,"column":35}},"67":{"start":{"line":172,"column":16},"end":{"line":176,"column":19}},"68":{"start":{"line":179,"column":16},"end":{"line":179,"column":44}},"69":{"start":{"line":180,"column":16},"end":{"line":180,"column":62}},"70":{"start":{"line":183,"column":16},"end":{"line":183,"column":35}},"71":{"start":{"line":184,"column":16},"end":{"line":184,"column":53}},"72":{"start":{"line":185,"column":16},"end":{"line":185,"column":35}},"73":{"start":{"line":189,"column":16},"end":{"line":189,"column":40}},"74":{"start":{"line":196,"column":8},"end":{"line":196,"column":50}},"75":{"start":{"line":199,"column":6},"end":{"line":199,"column":24}},"76":{"start":{"line":204,"column":27},"end":{"line":253,"column":9}},"77":{"start":{"line":208,"column":8},"end":{"line":252,"column":38}},"78":{"start":{"line":209,"column":10},"end":{"line":251,"column":11}},"79":{"start":{"line":210,"column":12},"end":{"line":250,"column":13}},"80":{"start":{"line":212,"column":16},"end":{"line":212,"column":35}},"81":{"start":{"line":213,"column":16},"end":{"line":213,"column":35}},"82":{"start":{"line":214,"column":16},"end":{"line":218,"column":19}},"83":{"start":{"line":221,"column":16},"end":{"line":221,"column":49}},"84":{"start":{"line":223,"column":16},"end":{"line":226,"column":17}},"85":{"start":{"line":224,"column":18},"end":{"line":224,"column":37}},"86":{"start":{"line":225,"column":18},"end":{"line":225,"column":24}},"87":{"start":{"line":228,"column":16},"end":{"line":228,"column":35}},"88":{"start":{"line":229,"column":16},"end":{"line":233,"column":19}},"89":{"start":{"line":236,"column":16},"end":{"line":236,"column":48}},"90":{"start":{"line":237,"column":16},"end":{"line":237,"column":66}},"91":{"start":{"line":240,"column":16},"end":{"line":240,"column":56}},"92":{"start":{"line":243,"column":16},"end":{"line":243,"column":36}},"93":{"start":{"line":244,"column":16},"end":{"line":244,"column":53}},"94":{"start":{"line":245,"column":16},"end":{"line":245,"column":35}},"95":{"start":{"line":249,"column":16},"end":{"line":249,"column":40}},"96":{"start":{"line":256,"column":8},"end":{"line":256,"column":53}},"97":{"start":{"line":259,"column":6},"end":{"line":259,"column":27}},"98":{"start":{"line":262,"column":2},"end":{"line":262,"column":24}},"99":{"start":{"line":265,"column":15},"end":{"line":265,"column":29}},"100":{"start":{"line":266,"column":0},"end":{"line":266,"column":30}}},"fnMap":{"0":{"name":"(anonymous_0)","decl":{"start":{"line":22,"column":0},"end":{"line":22,"column":1}},"loc":{"start":{"line":22,"column":12},"end":{"line":263,"column":1}},"line":22},"1":{"name":"ProductService","decl":{"start":{"line":23,"column":11},"end":{"line":23,"column":25}},"loc":{"start":{"line":23,"column":28},"end":{"line":25,"column":3}},"line":23},"2":{"name":"(anonymous_2)","decl":{"start":{"line":29,"column":11},"end":{"line":29,"column":12}},"loc":{"start":{"line":29,"column":23},"end":{"line":63,"column":5}},"line":29},"3":{"name":"_callee","decl":{"start":{"line":32,"column":44},"end":{"line":32,"column":51}},"loc":{"start":{"line":32,"column":54},"end":{"line":56,"column":7}},"line":32},"4":{"name":"_callee$","decl":{"start":{"line":33,"column":53},"end":{"line":33,"column":61}},"loc":{"start":{"line":33,"column":72},"end":{"line":55,"column":9}},"line":33},"5":{"name":"getAllProducts","decl":{"start":{"line":58,"column":15},"end":{"line":58,"column":29}},"loc":{"start":{"line":58,"column":32},"end":{"line":60,"column":7}},"line":58},"6":{"name":"(anonymous_6)","decl":{"start":{"line":66,"column":11},"end":{"line":66,"column":12}},"loc":{"start":{"line":66,"column":23},"end":{"line":99,"column":5}},"line":66},"7":{"name":"_callee2","decl":{"start":{"line":69,"column":44},"end":{"line":69,"column":52}},"loc":{"start":{"line":69,"column":65},"end":{"line":92,"column":7}},"line":69},"8":{"name":"_callee2$","decl":{"start":{"line":70,"column":53},"end":{"line":70,"column":62}},"loc":{"start":{"line":70,"column":74},"end":{"line":91,"column":9}},"line":70},"9":{"name":"addProduct","decl":{"start":{"line":94,"column":15},"end":{"line":94,"column":25}},"loc":{"start":{"line":94,"column":30},"end":{"line":96,"column":7}},"line":94},"10":{"name":"(anonymous_10)","decl":{"start":{"line":102,"column":11},"end":{"line":102,"column":12}},"loc":{"start":{"line":102,"column":23},"end":{"line":158,"column":5}},"line":102},"11":{"name":"_callee3","decl":{"start":{"line":105,"column":44},"end":{"line":105,"column":52}},"loc":{"start":{"line":105,"column":73},"end":{"line":151,"column":7}},"line":105},"12":{"name":"_callee3$","decl":{"start":{"line":107,"column":53},"end":{"line":107,"column":62}},"loc":{"start":{"line":107,"column":74},"end":{"line":150,"column":9}},"line":107},"13":{"name":"updateProduct","decl":{"start":{"line":153,"column":15},"end":{"line":153,"column":28}},"loc":{"start":{"line":153,"column":39},"end":{"line":155,"column":7}},"line":153},"14":{"name":"(anonymous_14)","decl":{"start":{"line":161,"column":11},"end":{"line":161,"column":12}},"loc":{"start":{"line":161,"column":23},"end":{"line":200,"column":5}},"line":161},"15":{"name":"_callee4","decl":{"start":{"line":164,"column":44},"end":{"line":164,"column":52}},"loc":{"start":{"line":164,"column":57},"end":{"line":193,"column":7}},"line":164},"16":{"name":"_callee4$","decl":{"start":{"line":166,"column":53},"end":{"line":166,"column":62}},"loc":{"start":{"line":166,"column":74},"end":{"line":192,"column":9}},"line":166},"17":{"name":"getProduct","decl":{"start":{"line":195,"column":15},"end":{"line":195,"column":25}},"loc":{"start":{"line":195,"column":31},"end":{"line":197,"column":7}},"line":195},"18":{"name":"(anonymous_18)","decl":{"start":{"line":203,"column":11},"end":{"line":203,"column":12}},"loc":{"start":{"line":203,"column":23},"end":{"line":260,"column":5}},"line":203},"19":{"name":"_callee5","decl":{"start":{"line":206,"column":44},"end":{"line":206,"column":52}},"loc":{"start":{"line":206,"column":57},"end":{"line":253,"column":7}},"line":206},"20":{"name":"_callee5$","decl":{"start":{"line":208,"column":53},"end":{"line":208,"column":62}},"loc":{"start":{"line":208,"column":74},"end":{"line":252,"column":9}},"line":208},"21":{"name":"deleteProduct","decl":{"start":{"line":255,"column":15},"end":{"line":255,"column":28}},"loc":{"start":{"line":255,"column":34},"end":{"line":257,"column":7}},"line":255}},"branchMap":{"0":{"loc":{"start":{"line":35,"column":12},"end":{"line":53,"column":13}},"type":"switch","locations":[{"start":{"line":36,"column":14},"end":{"line":39,"column":60}},{"start":{"line":41,"column":14},"end":{"line":42,"column":64}},{"start":{"line":44,"column":14},"end":{"line":48,"column":34}},{"start":{"line":50,"column":14},"end":{"line":50,"column":22}},{"start":{"line":51,"column":14},"end":{"line":52,"column":39}}],"line":35},"1":{"loc":{"start":{"line":72,"column":12},"end":{"line":89,"column":13}},"type":"switch","locations":[{"start":{"line":73,"column":14},"end":{"line":76,"column":69}},{"start":{"line":78,"column":14},"end":{"line":79,"column":66}},{"start":{"line":81,"column":14},"end":{"line":84,"column":35}},{"start":{"line":86,"column":14},"end":{"line":86,"column":21}},{"start":{"line":87,"column":14},"end":{"line":88,"column":40}}],"line":72},"2":{"loc":{"start":{"line":109,"column":12},"end":{"line":148,"column":13}},"type":"switch","locations":[{"start":{"line":110,"column":14},"end":{"line":117,"column":19}},{"start":{"line":119,"column":14},"end":{"line":132,"column":19}},{"start":{"line":134,"column":14},"end":{"line":135,"column":66}},{"start":{"line":137,"column":14},"end":{"line":138,"column":56}},{"start":{"line":140,"column":14},"end":{"line":143,"column":35}},{"start":{"line":145,"column":14},"end":{"line":145,"column":22}},{"start":{"line":146,"column":14},"end":{"line":147,"column":40}}],"line":109},"3":{"loc":{"start":{"line":122,"column":16},"end":{"line":125,"column":17}},"type":"if","locations":[{"start":{"line":122,"column":16},"end":{"line":125,"column":17}},{"start":{"line":122,"column":16},"end":{"line":125,"column":17}}],"line":122},"4":{"loc":{"start":{"line":168,"column":12},"end":{"line":190,"column":13}},"type":"switch","locations":[{"start":{"line":169,"column":14},"end":{"line":176,"column":19}},{"start":{"line":178,"column":14},"end":{"line":180,"column":62}},{"start":{"line":182,"column":14},"end":{"line":185,"column":35}},{"start":{"line":187,"column":14},"end":{"line":187,"column":22}},{"start":{"line":188,"column":14},"end":{"line":189,"column":40}}],"line":168},"5":{"loc":{"start":{"line":210,"column":12},"end":{"line":250,"column":13}},"type":"switch","locations":[{"start":{"line":211,"column":14},"end":{"line":218,"column":19}},{"start":{"line":220,"column":14},"end":{"line":233,"column":19}},{"start":{"line":235,"column":14},"end":{"line":237,"column":66}},{"start":{"line":239,"column":14},"end":{"line":240,"column":56}},{"start":{"line":242,"column":14},"end":{"line":245,"column":35}},{"start":{"line":247,"column":14},"end":{"line":247,"column":22}},{"start":{"line":248,"column":14},"end":{"line":249,"column":40}}],"line":210},"6":{"loc":{"start":{"line":223,"column":16},"end":{"line":226,"column":17}},"type":"if","locations":[{"start":{"line":223,"column":16},"end":{"line":226,"column":17}},{"start":{"line":223,"column":16},"end":{"line":226,"column":17}}],"line":223}},"s":{"0":1,"1":1,"2":1,"3":1,"4":1,"5":1,"6":1,"7":1,"8":1,"9":0,"10":1,"11":1,"12":2,"13":6,"14":6,"15":2,"16":2,"17":2,"18":2,"19":0,"20":0,"21":0,"22":0,"23":2,"24":2,"25":1,"26":1,"27":3,"28":9,"29":9,"30":3,"31":3,"32":3,"33":3,"34":0,"35":0,"36":0,"37":3,"38":3,"39":1,"40":1,"41":2,"42":7,"43":8,"44":2,"45":2,"46":2,"47":2,"48":2,"49":1,"50":1,"51":1,"52":1,"53":1,"54":1,"55":0,"56":0,"57":0,"58":2,"59":2,"60":1,"61":1,"62":1,"63":3,"64":3,"65":1,"66":1,"67":1,"68":1,"69":1,"70":0,"71":0,"72":0,"73":1,"74":1,"75":1,"76":1,"77":0,"78":0,"79":0,"80":0,"81":0,"82":0,"83":0,"84":0,"85":0,"86":0,"87":0,"88":0,"89":0,"90":0,"91":0,"92":0,"93":0,"94":0,"95":0,"96":0,"97":1,"98":1,"99":1,"100":1},"f":{"0":1,"1":0,"2":1,"3":2,"4":6,"5":2,"6":1,"7":3,"8":9,"9":3,"10":1,"11":2,"12":7,"13":2,"14":1,"15":1,"16":3,"17":1,"18":1,"19":0,"20":0,"21":0},"b":{"0":[2,2,0,0,2],"1":[3,3,0,0,3],"2":[2,2,1,1,0,0,2],"3":[1,1],"4":[1,1,0,0,1],"5":[0,0,0,0,0,0,0],"6":[0,0]},"inputSourceMap":{"version":3,"sources":["MenuService.js"],"names":["ProductService","database","Product","findAll","console","log","newProduct","create","id","updateProduct","findOne","where","Number","productToUpdate","update","theProduct","productToDelete","destroy","deletedProduct"],"mappings":";;;;;;;;;;;;;;;;;AAAA;;IAEMA,c;;;;;;;;;;;;;;;;;;;uBAGaC,mBAASC,OAAT,CAAiBC,OAAjB,E;;;;;;;;AAEbC,gBAAAA,OAAO,CAACC,GAAR;;;;;;;;;;;;;;;;;;;;;;qDAMoBC,U;;;;;;;uBAEPL,mBAASC,OAAT,CAAiBK,MAAjB,CAAwBD,UAAxB,C;;;;;;;;;;;;;;;;;;;;;;;;;;;;;qDAMUE,E,EAAIC,c;;;;;;;;uBAEGR,mBAASC,OAAT,CAAiBQ,OAAjB,CAAyB;AACrDC,kBAAAA,KAAK,EAAE;AAAEH,oBAAAA,EAAE,EAAEI,MAAM,CAACJ,EAAD;AAAZ;AAD8C,iBAAzB,C;;;AAAxBK,gBAAAA,e;;qBAIFA,e;;;;;;uBACIZ,mBAASC,OAAT,CAAiBY,MAAjB,CAAwBL,cAAxB,EAAuC;AAAEE,kBAAAA,KAAK,EAAE;AAAEH,oBAAAA,EAAE,EAAEI,MAAM,CAACJ,EAAD;AAAZ;AAAT,iBAAvC,C;;;kDAECC,c;;;kDAEF,I;;;;;;;;;;;;;;;;;;;;;;;;;;qDAMaD,E;;;;;;;;uBAEKP,mBAASC,OAAT,CAAiBQ,OAAjB,CAAyB;AAChDC,kBAAAA,KAAK,EAAE;AAAEH,oBAAAA,EAAE,EAAEI,MAAM,CAACJ,EAAD;AAAZ;AADyC,iBAAzB,C;;;AAAnBO,gBAAAA,U;kDAICA,U;;;;;;;;;;;;;;;;;;;;;;;;;;qDAMgBP,E;;;;;;;;uBAEOP,mBAASC,OAAT,CAAiBQ,OAAjB,CAAyB;AAAEC,kBAAAA,KAAK,EAAE;AAAEH,oBAAAA,EAAE,EAAEI,MAAM,CAACJ,EAAD;AAAZ;AAAT,iBAAzB,C;;;AAAxBQ,gBAAAA,e;;qBAEFA,e;;;;;;uBAC2Bf,mBAASC,OAAT,CAAiBe,OAAjB,CAAyB;AACpDN,kBAAAA,KAAK,EAAE;AAAEH,oBAAAA,EAAE,EAAEI,MAAM,CAACJ,EAAD;AAAZ;AAD6C,iBAAzB,C;;;AAAvBU,gBAAAA,c;kDAGCA,c;;;kDAEF,I;;;;;;;;;;;;;;;;;;;;;;;;;eAOElB,c","sourceRoot":"/app/api/server/services","sourcesContent":["import database from '../src/models'\n\nclass ProductService {\n  static async getAllProducts() {\n    try {\n      return await database.Product.findAll()\n    } catch (error) {\n      console.log(error);\n      \n      throw error\n    }\n  }\n\n  static async addProduct(newProduct){\n    try {\n      return await database.Product.create(newProduct)\n    } catch (error) {\n      throw error\n    }\n  }\n\n  static async updateProduct(id, updateProduct) {\n    try {\n      const productToUpdate = await database.Product.findOne({\n        where: { id: Number(id) }\n      })\n\n      if (productToUpdate) {\n        await database.Product.update(updateProduct, { where: { id: Number(id) } })\n\n        return updateProduct\n      }\n      return null\n    } catch (error) {\n      throw error\n    }\n  }\n\n  static async getProduct(id) {\n    try {\n      const theProduct = await database.Product.findOne({\n        where: { id: Number(id) }\n      })\n\n      return theProduct\n    } catch (error) {\n      throw error\n    }\n  }\n\n  static async deleteProduct(id) {\n    try {\n      const productToDelete = await database.Product.findOne({ where: { id: Number(id) } })\n\n      if (productToDelete) {\n        const deletedProduct = await database.Product.destroy({\n          where: { id: Number(id) }\n        })\n        return deletedProduct\n      }\n      return null\n    } catch (error) {\n      throw error\n    }\n  }\n}\n\nexport default ProductService"]},"_coverageSchema":"1a1c01bbd47fc00a2c39e90264f33305004495a9","hash":"955b9eb076a70024bc86d748674b95dbed1ac4f8","contentHash":"e3607af3ac28e80f2d6888ff4ebf37b942044acc0136284fb47569ef9acfe31a"},"/app/api/server/src/models/index.js":{"path":"/app/api/server/src/models/index.js","statementMap":{"0":{"start":{"line":3,"column":29},"end":{"line":3,"column":84}},"1":{"start":{"line":5,"column":0},"end":{"line":7,"column":3}},"2":{"start":{"line":8,"column":0},"end":{"line":8,"column":28}},"3":{"start":{"line":10,"column":10},"end":{"line":10,"column":47}},"4":{"start":{"line":12,"column":12},"end":{"line":12,"column":51}},"5":{"start":{"line":14,"column":17},"end":{"line":14,"column":61}},"6":{"start":{"line":16,"column":14},"end":{"line":16,"column":65}},"7":{"start":{"line":18,"column":15},"end":{"line":18,"column":52}},"8":{"start":{"line":20,"column":10},"end":{"line":20,"column":47}},"9":{"start":{"line":21,"column":13},"end":{"line":21,"column":36}},"10":{"start":{"line":22,"column":0},"end":{"line":22,"column":46}},"11":{"start":{"line":23,"column":9},"end":{"line":23,"column":11}},"12":{"start":{"line":26,"column":0},"end":{"line":40,"column":1}},"13":{"start":{"line":27,"column":2},"end":{"line":27,"column":86}},"14":{"start":{"line":28,"column":2},"end":{"line":37,"column":5}},"15":{"start":{"line":39,"column":2},"end":{"line":39,"column":99}},"16":{"start":{"line":42,"column":0},"end":{"line":47,"column":3}},"17":{"start":{"line":43,"column":2},"end":{"line":43,"column":82}},"18":{"start":{"line":45,"column":14},"end":{"line":45,"column":73}},"19":{"start":{"line":46,"column":2},"end":{"line":46,"column":25}},"20":{"start":{"line":49,"column":0},"end":{"line":53,"column":3}},"21":{"start":{"line":50,"column":2},"end":{"line":52,"column":3}},"22":{"start":{"line":51,"column":4},"end":{"line":51,"column":32}},"23":{"start":{"line":54,"column":0},"end":{"line":54,"column":25}},"24":{"start":{"line":55,"column":0},"end":{"line":55,"column":37}},"25":{"start":{"line":56,"column":15},"end":{"line":56,"column":17}},"26":{"start":{"line":57,"column":0},"end":{"line":57,"column":30}}},"fnMap":{"0":{"name":"(anonymous_0)","decl":{"start":{"line":42,"column":45},"end":{"line":42,"column":46}},"loc":{"start":{"line":42,"column":61},"end":{"line":44,"column":1}},"line":42},"1":{"name":"(anonymous_1)","decl":{"start":{"line":44,"column":11},"end":{"line":44,"column":12}},"loc":{"start":{"line":44,"column":27},"end":{"line":47,"column":1}},"line":44},"2":{"name":"(anonymous_2)","decl":{"start":{"line":49,"column":24},"end":{"line":49,"column":25}},"loc":{"start":{"line":49,"column":45},"end":{"line":53,"column":1}},"line":49}},"branchMap":{"0":{"loc":{"start":{"line":20,"column":10},"end":{"line":20,"column":47}},"type":"binary-expr","locations":[{"start":{"line":20,"column":10},"end":{"line":20,"column":30}},{"start":{"line":20,"column":34},"end":{"line":20,"column":47}}],"line":20},"1":{"loc":{"start":{"line":26,"column":0},"end":{"line":40,"column":1}},"type":"if","locations":[{"start":{"line":26,"column":0},"end":{"line":40,"column":1}},{"start":{"line":26,"column":0},"end":{"line":40,"column":1}}],"line":26},"2":{"loc":{"start":{"line":43,"column":9},"end":{"line":43,"column":81}},"type":"binary-expr","locations":[{"start":{"line":43,"column":9},"end":{"line":43,"column":32}},{"start":{"line":43,"column":36},"end":{"line":43,"column":53}},{"start":{"line":43,"column":57},"end":{"line":43,"column":81}}],"line":43},"3":{"loc":{"start":{"line":50,"column":2},"end":{"line":52,"column":3}},"type":"if","locations":[{"start":{"line":50,"column":2},"end":{"line":52,"column":3}},{"start":{"line":50,"column":2},"end":{"line":52,"column":3}}],"line":50}},"s":{"0":1,"1":1,"2":1,"3":1,"4":1,"5":1,"6":1,"7":1,"8":1,"9":1,"10":1,"11":1,"12":1,"13":0,"14":0,"15":1,"16":1,"17":5,"18":4,"19":4,"20":1,"21":4,"22":4,"23":1,"24":1,"25":1,"26":1},"f":{"0":5,"1":4,"2":4},"b":{"0":[1,0],"1":[0,1],"2":[5,5,4],"3":[4,0]},"inputSourceMap":{"version":3,"sources":["index.js"],"names":["basename","path","__filename","env","process","NODE_ENV","config","configJson","console","log","db","sequelize","environment","Sequelize","use_env_variable","DB_NAME","DB_USER","DB_PASS","host","DB_HOST","port","DB_PORT","dialect","dialectOption","ssl","logging","database","username","password","fs","readdirSync","__dirname","filter","file","indexOf","slice","forEach","model","join","name","Object","keys","modelName","associate"],"mappings":";;;;;;;;;AAAA;;AACA;;AACA;;AACA;;AAEA,IAAMA,QAAQ,GAAGC,iBAAKD,QAAL,CAAcE,UAAd,CAAjB;;AACA,IAAMC,GAAG,GAAGC,OAAO,CAACD,GAAR,CAAYE,QAAZ,IAAwB,aAApC;AAEA,IAAMC,MAAM,GAAGC,mBAAWJ,GAAX,CAAf;AAEAK,OAAO,CAACC,GAAR,CAAY,2BAAZ,EAAyCN,GAAzC;AAEA,IAAMO,EAAE,GAAG,EAAX;AAEA,IAAIC,SAAJ;;AACA,IAAIL,MAAM,CAACM,WAAP,KAAuB,YAA3B,EAAyC;AACvCD,EAAAA,SAAS,GAAG,IAAIE,qBAAJ,CACVT,OAAO,CAACD,GAAR,CAAYG,MAAM,CAACQ,gBAAnB,CADU,EAC4BR,MAD5B,CAAZ;AAGAK,EAAAA,SAAS,GAAG,IAAIE,qBAAJ,CACVT,OAAO,CAACD,GAAR,CAAYY,OADF,EAEVX,OAAO,CAACD,GAAR,CAAYa,OAFF,EAGVZ,OAAO,CAACD,GAAR,CAAYc,OAHF,EAGW;AACnBC,IAAAA,IAAI,EAAEd,OAAO,CAACD,GAAR,CAAYgB,OADC;AAEnBC,IAAAA,IAAI,EAAEhB,OAAO,CAACD,GAAR,CAAYkB,OAFC;AAGnBC,IAAAA,OAAO,EAAE,UAHU;AAInBC,IAAAA,aAAa,EAAE;AACbC,MAAAA,GAAG,EAAE,IADQ;AAEb,gBAAQ;AAFK,KAJI;AAQnBC,IAAAA,OAAO,EAAE;AARU,GAHX,CAAZ;AAcD,CAlBD,MAkBO;AACLd,EAAAA,SAAS,GAAG,IAAIE,qBAAJ,CACVP,MAAM,CAACoB,QADG,EACOpB,MAAM,CAACqB,QADd,EACwBrB,MAAM,CAACsB,QAD/B,EACyCtB,MADzC,CAAZ;AAGD;;AAEDuB,eACGC,WADH,CACeC,SADf,EAEGC,MAFH,CAEU,UAAAC,IAAI,EAAI;AACd,SAAQA,IAAI,CAACC,OAAL,CAAa,GAAb,MAAsB,CAAvB,IACCD,IAAI,KAAKjC,QADV,IACwBiC,IAAI,CAACE,KAAL,CAAW,CAAC,CAAZ,MAAmB,KADlD;AAED,CALH,EAMGC,OANH,CAMW,UAAAH,IAAI,EAAI;AACf,MAAMI,KAAK,GAAG1B,SAAS,UAAT,CAAiBV,iBAAKqC,IAAL,CAAUP,SAAV,EAAqBE,IAArB,CAAjB,CAAd;AACAvB,EAAAA,EAAE,CAAC2B,KAAK,CAACE,IAAP,CAAF,GAAiBF,KAAjB;AACD,CATH;;AAWAG,MAAM,CAACC,IAAP,CAAY/B,EAAZ,EAAgB0B,OAAhB,CAAwB,UAAAM,SAAS,EAAI;AACnC,MAAIhC,EAAE,CAACgC,SAAD,CAAF,CAAcC,SAAlB,EAA6B;AAC3BjC,IAAAA,EAAE,CAACgC,SAAD,CAAF,CAAcC,SAAd,CAAwBjC,EAAxB;AACD;AACF,CAJD;AAMAA,EAAE,CAACC,SAAH,GAAeA,SAAf;AACAD,EAAE,CAACG,SAAH,GAAeA,qBAAf;eAEeH,E","sourceRoot":"/app/api/server/src/models","sourcesContent":["import fs from 'fs';\nimport path from 'path';\nimport Sequelize from 'sequelize';\nimport configJson from '../config/config';\n\nconst basename = path.basename(__filename);\nconst env = process.env.NODE_ENV || 'development';\n\nconst config = configJson[env];\n\nconsole.log('this is the environment: ', env);\n\nconst db = {};\n\nlet sequelize;\nif (config.environment === 'production') {\n  sequelize = new Sequelize(\n    process.env[config.use_env_variable], config\n    );\n  sequelize = new Sequelize(\n    process.env.DB_NAME,\n    process.env.DB_USER,\n    process.env.DB_PASS, {\n      host: process.env.DB_HOST,\n      port: process.env.DB_PORT,\n      dialect: 'postgres',\n      dialectOption: {\n        ssl: true,\n        native: true\n      },\n      logging: true\n    }\n  )\n} else {\n  sequelize = new Sequelize(\n    config.database, config.username, config.password, config\n  );\n}\n\nfs\n  .readdirSync(__dirname)\n  .filter(file => {\n    return (file.indexOf('.') !== 0) &&\n           (file !== basename) && (file.slice(-3) === '.js');\n  })\n  .forEach(file => {\n    const model = sequelize.import(path.join(__dirname, file));\n    db[model.name] = model;\n  });\n\nObject.keys(db).forEach(modelName => {\n  if (db[modelName].associate) {\n    db[modelName].associate(db);\n  }\n});\n\ndb.sequelize = sequelize;\ndb.Sequelize = Sequelize;\n\nexport default db;"]},"_coverageSchema":"1a1c01bbd47fc00a2c39e90264f33305004495a9","hash":"f6520978bf31e3011d55f4e7d5877a4336db362d","contentHash":"ca8fedc01855411249aaecd68241d320c90879fef07d59416ed24576bf9b02a0"},"/app/api/server/src/config/config.js":{"path":"/app/api/server/src/config/config.js","statementMap":{"0":{"start":{"line":3,"column":0},"end":{"line":28,"column":2}}},"fnMap":{},"branchMap":{},"s":{"0":1},"f":{},"b":{},"inputSourceMap":{"version":3,"sources":["config.js"],"names":["module","exports"],"mappings":";;AAAAA,MAAM,CAACC,OAAP,GAAiB;AACf,iBAAe;AACb,gBAAY,UADC;AAEb,gBAAY,IAFC;AAGb,gBAAY,IAHC;AAIb,YAAQ,IAJK;AAKb,eAAW,UALE;AAMb,wBAAoB;AANP,GADA;AASf,UAAQ;AACN,gBAAY,UADN;AAEN,gBAAY,IAFN;AAGN,gBAAY,OAHN;AAIN,YAAQ,IAJF;AAKN,eAAW,UALL;AAMN,wBAAoB;AANd,GATO;AAiBf,gBAAc;AACZ,gBAAY,UADA;AAEZ,gBAAY,IAFA;AAGZ,gBAAY,IAHA;AAIZ,YAAQ,IAJI;AAKZ,eAAW,UALC;AAMZ,wBAAoB;AANR;AAjBC,CAAjB","sourceRoot":"/app/api/server/src/config","sourcesContent":["module.exports = {\n  \"development\": {\n    \"username\": \"postgres\",\n    \"password\": null,\n    \"database\": \"bq\",\n    \"host\": \"db\",\n    \"dialect\": \"postgres\",\n    \"operatorsAliases\": false\n  },\n  \"test\": {\n    \"username\": \"postgres\",\n    \"password\": null,\n    \"database\": \"teste\",\n    \"host\": \"db\",\n    \"dialect\": \"postgres\",\n    \"operatorsAliases\": false\n  },\n  \"production\": {\n    \"username\": \"postgres\",\n    \"password\": null,\n    \"database\": \"bq\",\n    \"host\": \"db\",\n    \"dialect\": \"postgres\",\n    \"operatorsAliases\": false\n  }\n}\n\n"]},"_coverageSchema":"1a1c01bbd47fc00a2c39e90264f33305004495a9","hash":"8666ebb2fa807daac909656817f302c1ee7dac86","contentHash":"b2d04d0570f3fb0e1c1096e862735b16bd0439944d8f25582d35bf084c5da4f9"},"/app/api/server/src/models/itens.js":{"path":"/app/api/server/src/models/itens.js","statementMap":{"0":{"start":{"line":3,"column":0},"end":{"line":14,"column":2}},"1":{"start":{"line":4,"column":14},"end":{"line":8,"column":8}},"2":{"start":{"line":10,"column":2},"end":{"line":11,"column":4}},"3":{"start":{"line":13,"column":2},"end":{"line":13,"column":15}}},"fnMap":{"0":{"name":"(anonymous_0)","decl":{"start":{"line":3,"column":17},"end":{"line":3,"column":18}},"loc":{"start":{"line":3,"column":49},"end":{"line":14,"column":1}},"line":3},"1":{"name":"(anonymous_1)","decl":{"start":{"line":10,"column":20},"end":{"line":10,"column":21}},"loc":{"start":{"line":10,"column":38},"end":{"line":11,"column":3}},"line":10}},"branchMap":{},"s":{"0":1,"1":1,"2":1,"3":1},"f":{"0":1,"1":1},"b":{},"inputSourceMap":{"version":3,"sources":["itens.js"],"names":["module","exports","sequelize","DataTypes","Itens","define","ProductId","INTEGER","OrderId","statusItem","STRING","associate","models"],"mappings":"AAAA;;AACAA,MAAM,CAACC,OAAP,GAAiB,UAACC,SAAD,EAAYC,SAAZ,EAA0B;AACzC,MAAMC,KAAK,GAAGF,SAAS,CAACG,MAAV,CAAiB,OAAjB,EAA0B;AACtCC,IAAAA,SAAS,EAAEH,SAAS,CAACI,OADiB;AAEtCC,IAAAA,OAAO,EAAEL,SAAS,CAACI,OAFmB;AAGtCE,IAAAA,UAAU,EAAEN,SAAS,CAACO;AAHgB,GAA1B,EAIX,EAJW,CAAd;;AAKAN,EAAAA,KAAK,CAACO,SAAN,GAAkB,UAASC,MAAT,EAAiB,CACjC;AAED,GAHD;;AAIA,SAAOR,KAAP;AACD,CAXD","sourceRoot":"/app/api/server/src/models","sourcesContent":["'use strict';\nmodule.exports = (sequelize, DataTypes) => {\n  const Itens = sequelize.define('Itens', {\n    ProductId: DataTypes.INTEGER,\n    OrderId: DataTypes.INTEGER,\n    statusItem: DataTypes.STRING\n  }, {});\n  Itens.associate = function(models) {\n    // associations can be defined here\n    \n  };\n  return Itens;\n};"]},"_coverageSchema":"1a1c01bbd47fc00a2c39e90264f33305004495a9","hash":"4e79af4d511f7eae5b543cabe659af05c58fcc43","contentHash":"f6d576e3705f05bca451f7fd69f9f43237b84f1d39811e2ddd8fe12fcc675263"},"/app/api/server/src/models/orders.js":{"path":"/app/api/server/src/models/orders.js","statementMap":{"0":{"start":{"line":3,"column":0},"end":{"line":15,"column":2}},"1":{"start":{"line":4,"column":15},"end":{"line":7,"column":8}},"2":{"start":{"line":9,"column":2},"end":{"line":12,"column":4}},"3":{"start":{"line":10,"column":4},"end":{"line":10,"column":33}},"4":{"start":{"line":11,"column":4},"end":{"line":11,"column":36}},"5":{"start":{"line":14,"column":2},"end":{"line":14,"column":16}}},"fnMap":{"0":{"name":"(anonymous_0)","decl":{"start":{"line":3,"column":17},"end":{"line":3,"column":18}},"loc":{"start":{"line":3,"column":49},"end":{"line":15,"column":1}},"line":3},"1":{"name":"(anonymous_1)","decl":{"start":{"line":9,"column":21},"end":{"line":9,"column":22}},"loc":{"start":{"line":9,"column":39},"end":{"line":12,"column":3}},"line":9}},"branchMap":{},"s":{"0":1,"1":1,"2":1,"3":1,"4":1,"5":1},"f":{"0":1,"1":1},"b":{},"inputSourceMap":{"version":3,"sources":["orders.js"],"names":["module","exports","sequelize","DataTypes","Orders","define","TableId","INTEGER","statusOrder","STRING","associate","models","hasMany","Itens","belongsTo","Tables"],"mappings":"AAAA;;AACAA,MAAM,CAACC,OAAP,GAAiB,UAACC,SAAD,EAAYC,SAAZ,EAA0B;AACzC,MAAMC,MAAM,GAAGF,SAAS,CAACG,MAAV,CAAiB,QAAjB,EAA2B;AACxCC,IAAAA,OAAO,EAAEH,SAAS,CAACI,OADqB;AAExCC,IAAAA,WAAW,EAAEL,SAAS,CAACM;AAFiB,GAA3B,EAGZ,EAHY,CAAf;;AAIAL,EAAAA,MAAM,CAACM,SAAP,GAAmB,UAASC,MAAT,EAAiB;AAClCP,IAAAA,MAAM,CAACQ,OAAP,CAAeD,MAAM,CAACE,KAAtB;AACAT,IAAAA,MAAM,CAACU,SAAP,CAAiBH,MAAM,CAACI,MAAxB;AACD,GAHD;;AAIA,SAAOX,MAAP;AACD,CAVD","sourceRoot":"/app/api/server/src/models","sourcesContent":["'use strict';\nmodule.exports = (sequelize, DataTypes) => {\n  const Orders = sequelize.define('Orders', {\n    TableId: DataTypes.INTEGER,\n    statusOrder: DataTypes.STRING\n  }, {});\n  Orders.associate = function(models) {\n    Orders.hasMany(models.Itens);\n    Orders.belongsTo(models.Tables);\n  };\n  return Orders;\n};"]},"_coverageSchema":"1a1c01bbd47fc00a2c39e90264f33305004495a9","hash":"dd7d5a06b77026ad2eef9b34776951d06d5f273c","contentHash":"8586e7cee3992787c2d8c65b5c347c0cf7ab8743685cec4953c52181361bbff0"},"/app/api/server/src/models/product.js":{"path":"/app/api/server/src/models/product.js","statementMap":{"0":{"start":{"line":3,"column":0},"end":{"line":16,"column":2}},"1":{"start":{"line":4,"column":16},"end":{"line":8,"column":8}},"2":{"start":{"line":10,"column":2},"end":{"line":13,"column":4}},"3":{"start":{"line":12,"column":4},"end":{"line":12,"column":34}},"4":{"start":{"line":15,"column":2},"end":{"line":15,"column":17}}},"fnMap":{"0":{"name":"(anonymous_0)","decl":{"start":{"line":3,"column":17},"end":{"line":3,"column":18}},"loc":{"start":{"line":3,"column":49},"end":{"line":16,"column":1}},"line":3},"1":{"name":"(anonymous_1)","decl":{"start":{"line":10,"column":22},"end":{"line":10,"column":23}},"loc":{"start":{"line":10,"column":40},"end":{"line":13,"column":3}},"line":10}},"branchMap":{},"s":{"0":1,"1":1,"2":1,"3":1,"4":1},"f":{"0":1,"1":1},"b":{},"inputSourceMap":{"version":3,"sources":["product.js"],"names":["module","exports","sequelize","DataTypes","Product","define","item","STRING","price","isAlcoholic","BOOLEAN","associate","models","hasMany","Itens"],"mappings":"AAAA;;AACAA,MAAM,CAACC,OAAP,GAAiB,UAACC,SAAD,EAAYC,SAAZ,EAA0B;AACzC,MAAMC,OAAO,GAAGF,SAAS,CAACG,MAAV,CAAiB,SAAjB,EAA4B;AAC1CC,IAAAA,IAAI,EAAEH,SAAS,CAACI,MAD0B;AAE1CC,IAAAA,KAAK,EAAEL,SAAS,CAACI,MAFyB;AAG1CE,IAAAA,WAAW,EAAEN,SAAS,CAACO;AAHmB,GAA5B,EAIb,EAJa,CAAhB;;AAKAN,EAAAA,OAAO,CAACO,SAAR,GAAoB,UAASC,MAAT,EAAiB;AACnC;AACAR,IAAAA,OAAO,CAACS,OAAR,CAAgBD,MAAM,CAACE,KAAvB;AACD,GAHD;;AAIA,SAAOV,OAAP;AACD,CAXD","sourceRoot":"/app/api/server/src/models","sourcesContent":["'use strict';\nmodule.exports = (sequelize, DataTypes) => {\n  const Product = sequelize.define('Product', {\n    item: DataTypes.STRING,\n    price: DataTypes.STRING,\n    isAlcoholic: DataTypes.BOOLEAN\n  }, {});\n  Product.associate = function(models) {\n    // associations can be defined here\n    Product.hasMany(models.Itens)\n  };\n  return Product;\n};"]},"_coverageSchema":"1a1c01bbd47fc00a2c39e90264f33305004495a9","hash":"74e2dee8348e48ef91676e80c6536595d1b83777","contentHash":"97cf7b94bb86a813529aa3e707d21a7b5c93f631204e292d2b9bbde09faabe9a"},"/app/api/server/src/models/tables.js":{"path":"/app/api/server/src/models/tables.js","statementMap":{"0":{"start":{"line":3,"column":0},"end":{"line":13,"column":2}},"1":{"start":{"line":4,"column":15},"end":{"line":6,"column":8}},"2":{"start":{"line":8,"column":2},"end":{"line":10,"column":4}},"3":{"start":{"line":9,"column":4},"end":{"line":9,"column":34}},"4":{"start":{"line":12,"column":2},"end":{"line":12,"column":16}}},"fnMap":{"0":{"name":"(anonymous_0)","decl":{"start":{"line":3,"column":17},"end":{"line":3,"column":18}},"loc":{"start":{"line":3,"column":49},"end":{"line":13,"column":1}},"line":3},"1":{"name":"(anonymous_1)","decl":{"start":{"line":8,"column":21},"end":{"line":8,"column":22}},"loc":{"start":{"line":8,"column":39},"end":{"line":10,"column":3}},"line":8}},"branchMap":{},"s":{"0":1,"1":1,"2":1,"3":1,"4":1},"f":{"0":1,"1":1},"b":{},"inputSourceMap":{"version":3,"sources":["tables.js"],"names":["module","exports","sequelize","DataTypes","Tables","define","tableNumber","INTEGER","associate","models","hasMany","Orders"],"mappings":"AAAA;;AACAA,MAAM,CAACC,OAAP,GAAiB,UAACC,SAAD,EAAYC,SAAZ,EAA0B;AACzC,MAAMC,MAAM,GAAGF,SAAS,CAACG,MAAV,CAAiB,QAAjB,EAA2B;AACxCC,IAAAA,WAAW,EAAEH,SAAS,CAACI;AADiB,GAA3B,EAGZ,EAHY,CAAf;;AAIAH,EAAAA,MAAM,CAACI,SAAP,GAAmB,UAASC,MAAT,EAAiB;AAClCL,IAAAA,MAAM,CAACM,OAAP,CAAeD,MAAM,CAACE,MAAtB;AACD,GAFD;;AAGA,SAAOP,MAAP;AACD,CATD","sourceRoot":"/app/api/server/src/models","sourcesContent":["'use strict';\nmodule.exports = (sequelize, DataTypes) => {\n  const Tables = sequelize.define('Tables', {\n    tableNumber: DataTypes.INTEGER,\n\n  }, {});\n  Tables.associate = function(models) {\n    Tables.hasMany(models.Orders);\n  };\n  return Tables;\n};"]},"_coverageSchema":"1a1c01bbd47fc00a2c39e90264f33305004495a9","hash":"4d81e080656e92d96054a1251eb4b5f5095788f7","contentHash":"0605d0f73a95e96f102a545c0867543eb3b961e2505b35fa94519aa8f9ba7d26"},"/app/api/server/utils/Utils.js":{"path":"/app/api/server/utils/Utils.js","statementMap":{"0":{"start":{"line":3,"column":29},"end":{"line":3,"column":84}},"1":{"start":{"line":5,"column":0},"end":{"line":7,"column":3}},"2":{"start":{"line":8,"column":0},"end":{"line":8,"column":28}},"3":{"start":{"line":10,"column":23},"end":{"line":10,"column":95}},"4":{"start":{"line":12,"column":20},"end":{"line":12,"column":89}},"5":{"start":{"line":16,"column":0},"end":{"line":60,"column":3}},"6":{"start":{"line":18,"column":4},"end":{"line":18,"column":49}},"7":{"start":{"line":19,"column":4},"end":{"line":19,"column":27}},"8":{"start":{"line":20,"column":4},"end":{"line":20,"column":21}},"9":{"start":{"line":21,"column":4},"end":{"line":21,"column":21}},"10":{"start":{"line":22,"column":4},"end":{"line":22,"column":24}},"11":{"start":{"line":25,"column":2},"end":{"line":58,"column":6}},"12":{"start":{"line":28,"column":6},"end":{"line":28,"column":35}},"13":{"start":{"line":29,"column":6},"end":{"line":29,"column":29}},"14":{"start":{"line":30,"column":6},"end":{"line":30,"column":23}},"15":{"start":{"line":31,"column":6},"end":{"line":31,"column":28}},"16":{"start":{"line":36,"column":6},"end":{"line":36,"column":35}},"17":{"start":{"line":37,"column":6},"end":{"line":37,"column":29}},"18":{"start":{"line":38,"column":6},"end":{"line":38,"column":26}},"19":{"start":{"line":43,"column":19},"end":{"line":47,"column":7}},"20":{"start":{"line":49,"column":6},"end":{"line":51,"column":7}},"21":{"start":{"line":50,"column":8},"end":{"line":50,"column":56}},"22":{"start":{"line":53,"column":6},"end":{"line":56,"column":9}},"23":{"start":{"line":59,"column":2},"end":{"line":59,"column":14}},"24":{"start":{"line":62,"column":0},"end":{"line":62,"column":26}}},"fnMap":{"0":{"name":"(anonymous_0)","decl":{"start":{"line":16,"column":0},"end":{"line":16,"column":1}},"loc":{"start":{"line":16,"column":12},"end":{"line":60,"column":1}},"line":16},"1":{"name":"Util","decl":{"start":{"line":17,"column":11},"end":{"line":17,"column":15}},"loc":{"start":{"line":17,"column":18},"end":{"line":23,"column":3}},"line":17},"2":{"name":"setSuccess","decl":{"start":{"line":27,"column":20},"end":{"line":27,"column":30}},"loc":{"start":{"line":27,"column":58},"end":{"line":32,"column":5}},"line":27},"3":{"name":"setError","decl":{"start":{"line":35,"column":20},"end":{"line":35,"column":28}},"loc":{"start":{"line":35,"column":50},"end":{"line":39,"column":5}},"line":35},"4":{"name":"send","decl":{"start":{"line":42,"column":20},"end":{"line":42,"column":24}},"loc":{"start":{"line":42,"column":30},"end":{"line":57,"column":5}},"line":42}},"branchMap":{"0":{"loc":{"start":{"line":49,"column":6},"end":{"line":51,"column":7}},"type":"if","locations":[{"start":{"line":49,"column":6},"end":{"line":51,"column":7}},{"start":{"line":49,"column":6},"end":{"line":51,"column":7}}],"line":49}},"s":{"0":1,"1":1,"2":1,"3":1,"4":1,"5":1,"6":4,"7":4,"8":4,"9":4,"10":4,"11":1,"12":6,"13":6,"14":6,"15":6,"16":4,"17":4,"18":4,"19":10,"20":10,"21":6,"22":4,"23":1,"24":1},"f":{"0":1,"1":4,"2":6,"3":4,"4":10},"b":{"0":[6,4]},"inputSourceMap":{"version":3,"sources":["Utils.js"],"names":["Util","statusCode","type","data","message","res","result","status","json"],"mappings":";;;;;;;;;;;;;IAAqBA,I;;;AACjB,kBAAc;AAAA;AACZ,SAAKC,UAAL,GAAkB,IAAlB;AACA,SAAKC,IAAL,GAAY,IAAZ;AACA,SAAKC,IAAL,GAAY,IAAZ;AACA,SAAKC,OAAL,GAAe,IAAf;AACD;;;;+BAEUH,U,EAAYG,O,EAASD,I,EAAM;AACpC,WAAKF,UAAL,GAAkBA,UAAlB;AACA,WAAKG,OAAL,GAAeA,OAAf;AACA,WAAKD,IAAL,GAAYA,IAAZ;AACA,WAAKD,IAAL,GAAY,SAAZ;AACD;;;6BAEQD,U,EAAYG,O,EAAS;AAC5B,WAAKH,UAAL,GAAkBA,UAAlB;AACA,WAAKG,OAAL,GAAeA,OAAf;AACA,WAAKF,IAAL,GAAY,OAAZ;AACD;;;yBAEIG,G,EAAK;AACR,UAAMC,MAAM,GAAG;AACbC,QAAAA,MAAM,EAAE,KAAKL,IADA;AAEbE,QAAAA,OAAO,EAAE,KAAKA,OAFD;AAGbD,QAAAA,IAAI,EAAE,KAAKA;AAHE,OAAf;;AAMA,UAAI,KAAKD,IAAL,KAAc,SAAlB,EAA6B;AAC3B,eAAOG,GAAG,CAACE,MAAJ,CAAW,KAAKN,UAAhB,EAA4BO,IAA5B,CAAiCF,MAAjC,CAAP;AACD;;AACD,aAAOD,GAAG,CAACE,MAAJ,CAAW,KAAKN,UAAhB,EAA4BO,IAA5B,CAAiC;AACtCD,QAAAA,MAAM,EAAE,KAAKL,IADyB;AAEtCE,QAAAA,OAAO,EAAE,KAAKA;AAFwB,OAAjC,CAAP;AAID","sourceRoot":"/app/api/server/utils","sourcesContent":["export default class Util {\n    constructor() {\n      this.statusCode = null\n      this.type = null\n      this.data = null\n      this.message = null\n    }\n  \n    setSuccess(statusCode, message, data) {\n      this.statusCode = statusCode\n      this.message = message\n      this.data = data\n      this.type = 'success'\n    }\n  \n    setError(statusCode, message) {\n      this.statusCode = statusCode\n      this.message = message\n      this.type = 'error'\n    }\n  \n    send(res) {\n      const result = {\n        status: this.type,\n        message: this.message,\n        data: this.data,\n      }\n  \n      if (this.type === 'success') {\n        return res.status(this.statusCode).json(result)\n      }\n      return res.status(this.statusCode).json({\n        status: this.type,\n        message: this.message,\n      })\n    }\n  }"]},"_coverageSchema":"1a1c01bbd47fc00a2c39e90264f33305004495a9","hash":"a61ca913dbfd1183093e510f8707126f4656daaa","contentHash":"18cf8765e69745181fb7d31535853fdc693c22d04d40b6eda187426ac124b9cb"},"/app/api/server/routes/TableRoute.js":{"path":"/app/api/server/routes/TableRoute.js","statementMap":{"0":{"start":{"line":3,"column":29},"end":{"line":3,"column":84}},"1":{"start":{"line":5,"column":0},"end":{"line":7,"column":3}},"2":{"start":{"line":8,"column":0},"end":{"line":8,"column":28}},"3":{"start":{"line":10,"column":15},"end":{"line":10,"column":33}},"4":{"start":{"line":12,"column":23},"end":{"line":12,"column":88}},"5":{"start":{"line":14,"column":13},"end":{"line":14,"column":35}},"6":{"start":{"line":15,"column":0},"end":{"line":15,"column":58}},"7":{"start":{"line":16,"column":0},"end":{"line":16,"column":55}},"8":{"start":{"line":17,"column":0},"end":{"line":17,"column":57}},"9":{"start":{"line":18,"column":0},"end":{"line":18,"column":61}},"10":{"start":{"line":19,"column":0},"end":{"line":19,"column":66}},"11":{"start":{"line":20,"column":15},"end":{"line":20,"column":21}},"12":{"start":{"line":21,"column":0},"end":{"line":21,"column":30}}},"fnMap":{},"branchMap":{},"s":{"0":1,"1":1,"2":1,"3":1,"4":1,"5":1,"6":1,"7":1,"8":1,"9":1,"10":1,"11":1,"12":1},"f":{},"b":{},"inputSourceMap":{"version":3,"sources":["TableRoute.js"],"names":["router","get","TableController","getAllTables","post","addTable","getTable","put","updatedTable","deleteTable"],"mappings":";;;;;;;;;AAAA;;AACA;;AAEA,IAAMA,MAAM,GAAG,sBAAf;AACAA,MAAM,CAACC,GAAP,CAAW,GAAX,EAAgBC,4BAAgBC,YAAhC;AACAH,MAAM,CAACI,IAAP,CAAY,GAAZ,EAAiBF,4BAAgBG,QAAjC;AACAL,MAAM,CAACC,GAAP,CAAW,MAAX,EAAmBC,4BAAgBI,QAAnC;AACAN,MAAM,CAACO,GAAP,CAAW,MAAX,EAAmBL,4BAAgBM,YAAnC;AACAR,MAAM,UAAN,CAAc,MAAd,EAAsBE,4BAAgBO,WAAtC;eAEeT,M","sourceRoot":"/app/api/server/routes","sourcesContent":["import { Router } from 'express';\nimport TableController from '../controllers/TableController';\n\nconst router = Router();\nrouter.get('/', TableController.getAllTables);\nrouter.post('/', TableController.addTable);\nrouter.get('/:id', TableController.getTable);\nrouter.put('/:id', TableController.updatedTable);\nrouter.delete('/:id', TableController.deleteTable);\n\nexport default router;"]},"_coverageSchema":"1a1c01bbd47fc00a2c39e90264f33305004495a9","hash":"354dee5305cac57542e9db64c0d7c1b0cee7e995","contentHash":"0a822c62f8726b91f54eac64783b45d3949513bd173960b64abda31318e76a50"},"/app/api/server/controllers/TableController.js":{"path":"/app/api/server/controllers/TableController.js","statementMap":{"0":{"start":{"line":3,"column":29},"end":{"line":3,"column":84}},"1":{"start":{"line":5,"column":0},"end":{"line":7,"column":3}},"2":{"start":{"line":8,"column":0},"end":{"line":8,"column":28}},"3":{"start":{"line":10,"column":19},"end":{"line":10,"column":80}},"4":{"start":{"line":12,"column":25},"end":{"line":12,"column":99}},"5":{"start":{"line":14,"column":23},"end":{"line":14,"column":95}},"6":{"start":{"line":16,"column":20},"end":{"line":16,"column":89}},"7":{"start":{"line":18,"column":20},"end":{"line":18,"column":79}},"8":{"start":{"line":20,"column":13},"end":{"line":20,"column":62}},"9":{"start":{"line":22,"column":11},"end":{"line":22,"column":34}},"10":{"start":{"line":26,"column":0},"end":{"line":301,"column":3}},"11":{"start":{"line":28,"column":4},"end":{"line":28,"column":60}},"12":{"start":{"line":31,"column":2},"end":{"line":299,"column":6}},"13":{"start":{"line":34,"column":26},"end":{"line":69,"column":9}},"14":{"start":{"line":38,"column":8},"end":{"line":68,"column":36}},"15":{"start":{"line":39,"column":10},"end":{"line":67,"column":11}},"16":{"start":{"line":40,"column":12},"end":{"line":66,"column":13}},"17":{"start":{"line":42,"column":16},"end":{"line":42,"column":34}},"18":{"start":{"line":43,"column":16},"end":{"line":43,"column":34}},"19":{"start":{"line":44,"column":16},"end":{"line":44,"column":63}},"20":{"start":{"line":47,"column":16},"end":{"line":47,"column":42}},"21":{"start":{"line":49,"column":16},"end":{"line":53,"column":17}},"22":{"start":{"line":50,"column":18},"end":{"line":50,"column":70}},"23":{"start":{"line":52,"column":18},"end":{"line":52,"column":58}},"24":{"start":{"line":55,"column":16},"end":{"line":55,"column":65}},"25":{"start":{"line":58,"column":16},"end":{"line":58,"column":34}},"26":{"start":{"line":59,"column":16},"end":{"line":59,"column":51}},"27":{"start":{"line":60,"column":16},"end":{"line":60,"column":48}},"28":{"start":{"line":61,"column":16},"end":{"line":61,"column":65}},"29":{"start":{"line":65,"column":16},"end":{"line":65,"column":39}},"30":{"start":{"line":72,"column":8},"end":{"line":72,"column":52}},"31":{"start":{"line":75,"column":6},"end":{"line":75,"column":26}},"32":{"start":{"line":80,"column":22},"end":{"line":119,"column":9}},"33":{"start":{"line":84,"column":8},"end":{"line":118,"column":38}},"34":{"start":{"line":85,"column":10},"end":{"line":117,"column":11}},"35":{"start":{"line":86,"column":12},"end":{"line":116,"column":13}},"36":{"start":{"line":88,"column":16},"end":{"line":91,"column":17}},"37":{"start":{"line":89,"column":18},"end":{"line":89,"column":37}},"38":{"start":{"line":90,"column":18},"end":{"line":90,"column":24}},"39":{"start":{"line":93,"column":16},"end":{"line":93,"column":70}},"40":{"start":{"line":94,"column":16},"end":{"line":94,"column":66}},"41":{"start":{"line":97,"column":16},"end":{"line":97,"column":36}},"42":{"start":{"line":98,"column":16},"end":{"line":98,"column":35}},"43":{"start":{"line":99,"column":16},"end":{"line":99,"column":35}},"44":{"start":{"line":100,"column":16},"end":{"line":100,"column":67}},"45":{"start":{"line":103,"column":16},"end":{"line":103,"column":46}},"46":{"start":{"line":104,"column":16},"end":{"line":104,"column":67}},"47":{"start":{"line":105,"column":16},"end":{"line":105,"column":66}},"48":{"start":{"line":108,"column":16},"end":{"line":108,"column":36}},"49":{"start":{"line":109,"column":16},"end":{"line":109,"column":53}},"50":{"start":{"line":110,"column":16},"end":{"line":110,"column":57}},"51":{"start":{"line":111,"column":16},"end":{"line":111,"column":66}},"52":{"start":{"line":115,"column":16},"end":{"line":115,"column":40}},"53":{"start":{"line":122,"column":8},"end":{"line":122,"column":48}},"54":{"start":{"line":125,"column":6},"end":{"line":125,"column":22}},"55":{"start":{"line":130,"column":26},"end":{"line":177,"column":9}},"56":{"start":{"line":134,"column":8},"end":{"line":176,"column":38}},"57":{"start":{"line":135,"column":10},"end":
[...]
.updateOrderItem(id, alteredOrderItem)\n      if (!updateOrderItem) {\n        util.setError(404, `Cannot find order item with the id: ${id}`)\n      } else {\n        util.setSuccess(200, 'Order item updated', updateOrderItem)\n      }\n      return util.send(res)\n    } catch (error) {\n      util.setError(404, error)\n      return util.send(res)\n    }\n  }\n\n  static async getOrderItem(req, res) {\n    const { id } = req.params\n\n    if (!Number(id)) {\n      util.setError(400, 'Please input a valid numeric value')\n      return util.send(res)\n    }\n\n    try {\n      const theOrderItem = await OrderItemService.getOrderItem(id)\n\n      if (!theOrderItem) {\n        util.setError(404, `Cannot find order item with the id ${id}`)\n      } else {\n        util.setSuccess(200, 'Found order item', theOrderItem)\n      }\n      return util.send(res)\n    } catch (error) {\n      util.setError(404, error)\n      return util.send(res)\n    }\n  }\n\n  static async deleteOrderItem(req, res) {\n    const { id } = req.params\n\n    if (!Number(id)) {\n      util.setError(400, 'Please provide a numeric value')\n      return util.send(res)\n    }\n\n    try {\n      const orderItemToDelete = await OrderItemService.deleteOrderItem(id)\n\n      if (orderItemToDelete) {\n        util.setSuccess(200, 'Order item deleted')\n      } else {\n        util.setError(404, `Order item with the id ${id} cannot be found`)\n      }\n      return util.send(res)\n    } catch (error) {\n      util.setError(400, error)\n      return util.send(res)\n    }\n  }\n}\n\nexport default OrderItensController;"]},"_coverageSchema":"1a1c01bbd47fc00a2c39e90264f33305004495a9","hash":"6410c6ae6918ab8d319ccd04372ef92fe3e9e934","contentHash":"9bfac1ce1747586c2e9db3077171e4768ae2cda44e5988585ecd43d84f10a91f"},"/app/api/server/services/OrdemItemService.js":{"path":"/app/api/server/services/OrdemItemService.js","statementMap":{"0":{"start":{"line":3,"column":29},"end":{"line":3,"column":84}},"1":{"start":{"line":5,"column":0},"end":{"line":7,"column":3}},"2":{"start":{"line":8,"column":0},"end":{"line":8,"column":28}},"3":{"start":{"line":10,"column":19},"end":{"line":10,"column":80}},"4":{"start":{"line":12,"column":25},"end":{"line":12,"column":99}},"5":{"start":{"line":14,"column":23},"end":{"line":14,"column":95}},"6":{"start":{"line":16,"column":20},"end":{"line":16,"column":89}},"7":{"start":{"line":18,"column":14},"end":{"line":18,"column":62}},"8":{"start":{"line":22,"column":0},"end":{"line":262,"column":3}},"9":{"start":{"line":24,"column":4},"end":{"line":24,"column":61}},"10":{"start":{"line":27,"column":2},"end":{"line":260,"column":6}},"11":{"start":{"line":30,"column":30},"end":{"line":55,"column":9}},"12":{"start":{"line":33,"column":8},"end":{"line":54,"column":36}},"13":{"start":{"line":34,"column":10},"end":{"line":53,"column":11}},"14":{"start":{"line":35,"column":12},"end":{"line":52,"column":13}},"15":{"start":{"line":37,"column":16},"end":{"line":37,"column":34}},"16":{"start":{"line":38,"column":16},"end":{"line":38,"column":34}},"17":{"start":{"line":39,"column":16},"end":{"line":39,"column":58}},"18":{"start":{"line":42,"column":16},"end":{"line":42,"column":64}},"19":{"start":{"line":45,"column":16},"end":{"line":45,"column":34}},"20":{"start":{"line":46,"column":16},"end":{"line":46,"column":51}},"21":{"start":{"line":47,"column":16},"end":{"line":47,"column":34}},"22":{"start":{"line":51,"column":16},"end":{"line":51,"column":39}},"23":{"start":{"line":58,"column":8},"end":{"line":58,"column":56}},"24":{"start":{"line":61,"column":6},"end":{"line":61,"column":30}},"25":{"start":{"line":66,"column":26},"end":{"line":91,"column":9}},"26":{"start":{"line":69,"column":8},"end":{"line":90,"column":37}},"27":{"start":{"line":70,"column":10},"end":{"line":89,"column":11}},"28":{"start":{"line":71,"column":12},"end":{"line":88,"column":13}},"29":{"start":{"line":73,"column":16},"end":{"line":73,"column":35}},"30":{"start":{"line":74,"column":16},"end":{"line":74,"column":35}},"31":{"start":{"line":75,"column":16},"end":{"line":75,"column":69}},"32":{"start":{"line":78,"column":16},"end":{"line":78,"column":66}},"33":{"start":{"line":81,"column":16},"end":{"line":81,"column":35}},"34":{"start":{"line":82,"column":16},"end":{"line":82,"column":53}},"35":{"start":{"line":83,"column":16},"end":{"line":83,"column":35}},"36":{"start":{"line":87,"column":16},"end":{"line":87,"column":40}},"37":{"start":{"line":94,"column":8},"end":{"line":94,"column":52}},"38":{"start":{"line":97,"column":6},"end":{"line":97,"column":26}},"39":{"start":{"line":102,"column":30},"end":{"line":150,"column":9}},"40":{"start":{"line":106,"column":8},"end":{"line":149,"column":38}},"41":{"start":{"line":107,"column":10},"end":{"line":148,"column":11}},"42":{"start":{"line":108,"column":12},"end":{"line":147,"column":13}},"43":{"start":{"line":110,"column":16},"end":{"line":110,"column":35}},"44":{"start":{"line":111,"column":16},"end":{"line":111,"column":35}},"45":{"start":{"line":112,"column":16},"end":{"line":116,"column":19}},"46":{"start":{"line":119,"column":16},"end":{"line":119,"column":51}},"47":{"start":{"line":121,"column":16},"end":{"line":124,"column":17}},"48":{"start":{"line":122,"column":18},"end":{"line":122,"column":37}},"49":{"start":{"line":123,"column":18},"end":{"line":123,"column":24}},"50":{"start":{"line":126,"column":16},"end":{"line":126,"column":35}},"51":{"start":{"line":127,"column":16},"end":{"line":131,"column":19}},"52":{"start":{"line":134,"column":16},"end":{"line":134,"column":68}},"53":{"start":{"line":137,"column":16},"end":{"line":137,"column":56}},"54":{"start":{"line":140,"column":16},"end":{"line":140,"column":36}},"55":{"start":{"line":141,"column":16},"end":{"line":141,"column":53}},"56":{"start":{"line":142,"column":16},"end":{"line":142,"column":35}},"57":{"start":{"line":146,"column":16},"end":{"line":146,"column":40}},"58":{"start":{"line":153,"column":8},"end":{"line":153,"column":56}},"59":{"start":{"line":156,"column":6},"end":{"line":156,"column":29}},"60":{"start":{"line":161,"column":26},"end":{"line":192,"column":9}},"61":{"start":{"line":165,"column":8},"end":{"line":191,"column":37}},"62":{"start":{"line":166,"column":10},"end":{"line":190,"column":11}},"63":{"start":{"line":167,"column":12},"end":{"line":189,"column":13}},"64":{"start":{"line":169,"column":16},"end":{"line":169,"column":35}},"65":{"start":{"line":170,"column":16},"end":{"line":170,"column":35}},"66":{"start":{"line":171,"column":16},"end":{"line":175,"column":19}},"67":{"start":{"line":178,"column":16},"end":{"line":178,"column":46}},"68":{"start":{"line":179,"column":16},"end":{"line":179,"column":64}},"69":{"start":{"line":182,"column":16},"end":{"line":182,"column":35}},"70":{"start":{"line":183,"column":16},"end":{"line":183,"column":53}},"71":{"start":{"line":184,"column":16},"end":{"line":184,"column":35}},"72":{"start":{"line":188,"column":16},"end":{"line":188,"column":40}},"73":{"start":{"line":195,"column":8},"end":{"line":195,"column":52}},"74":{"start":{"line":198,"column":6},"end":{"line":198,"column":26}},"75":{"start":{"line":203,"column":29},"end":{"line":252,"column":9}},"76":{"start":{"line":207,"column":8},"end":{"line":251,"column":38}},"77":{"start":{"line":208,"column":10},"end":{"line":250,"column":11}},"78":{"start":{"line":209,"column":12},"end":{"line":249,"column":13}},"79":{"start":{"line":211,"column":16},"end":{"line":211,"column":35}},"80":{"start":{"line":212,"column":16},"end":{"line":212,"column":35}},"81":{"start":{"line":213,"column":16},"end":{"line":217,"column":19}},"82":{"start":{"line":220,"column":16},"end":{"line":220,"column":51}},"83":{"start":{"line":222,"column":16},"end":{"line":225,"column":17}},"84":{"start":{"line":223,"column":18},"end":{"line":223,"column":37}},"85":{"start":{"line":224,"column":18},"end":{"line":224,"column":24}},"86":{"start":{"line":227,"column":16},"end":{"line":227,"column":35}},"87":{"start":{"line":228,"column":16},"end":{"line":232,"column":19}},"88":{"start":{"line":235,"column":16},"end":{"line":235,"column":50}},"89":{"start":{"line":236,"column":16},"end":{"line":236,"column":68}},"90":{"start":{"line":239,"column":16},"end":{"line":239,"column":56}},"91":{"start":{"line":242,"column":16},"end":{"line":242,"column":36}},"92":{"start":{"line":243,"column":16},"end":{"line":243,"column":53}},"93":{"start":{"line":244,"column":16},"end":{"line":244,"column":35}},"94":{"start":{"line":248,"column":16},"end":{"line":248,"column":40}},"95":{"start":{"line":255,"column":8},"end":{"line":255,"column":55}},"96":{"start":{"line":258,"column":6},"end":{"line":258,"column":29}},"97":{"start":{"line":261,"column":2},"end":{"line":261,"column":26}},"98":{"start":{"line":264,"column":15},"end":{"line":264,"column":31}},"99":{"start":{"line":265,"column":0},"end":{"line":265,"column":30}}},"fnMap":{"0":{"name":"(anonymous_0)","decl":{"start":{"line":22,"column":0},"end":{"line":22,"column":1}},"loc":{"start":{"line":22,"column":12},"end":{"line":262,"column":1}},"line":22},"1":{"name":"OrderItemService","decl":{"start":{"line":23,"column":11},"end":{"line":23,"column":27}},"loc":{"start":{"line":23,"column":30},"end":{"line":25,"column":3}},"line":23},"2":{"name":"(anonymous_2)","decl":{"start":{"line":29,"column":11},"end":{"line":29,"column":12}},"loc":{"start":{"line":29,"column":23},"end":{"line":62,"column":5}},"line":29},"3":{"name":"_callee","decl":{"start":{"line":32,"column":44},"end":{"line":32,"column":51}},"loc":{"start":{"line":32,"column":54},"end":{"line":55,"column":7}},"line":32},"4":{"name":"_callee$","decl":{"start":{"line":33,"column":53},"end":{"line":33,"column":61}},"loc":{"start":{"line":33,"column":72},"end":{"line":54,"column":9}},"line":33},"5":{"name":"getAllOrderItens","decl":{"start":{"line":57,"column":15},"end":{"line":57,"column":31}},"loc":{"start":{"line":57,"column":34},"end":{"line":59,"column":7}},"line":57},"6":{"name":"(anonymous_6)","decl":{"start":{"line":65,"column":11},"end":{"line":65,"column":12}},"loc":{"start":{"line":65,"column":23},"end":{"line":98,"column":5}},"line":65},"7":{"name":"_callee2","decl":{"start":{"line":68,"column":44},"end":{"line":68,"column":52}},"loc":{"start":{"line":68,"column":67},"end":{"line":91,"column":7}},"line":68},"8":{"name":"_callee2$","decl":{"start":{"line":69,"column":53},"end":{"line":69,"column":62}},"loc":{"start":{"line":69,"column":74},"end":{"line":90,"column":9}},"line":69},"9":{"name":"addOrderItem","decl":{"start":{"line":93,"column":15},"end":{"line":93,"column":27}},"loc":{"start":{"line":93,"column":32},"end":{"line":95,"column":7}},"line":93},"10":{"name":"(anonymous_10)","decl":{"start":{"line":101,"column":11},"end":{"line":101,"column":12}},"loc":{"start":{"line":101,"column":23},"end":{"line":157,"column":5}},"line":101},"11":{"name":"_callee3","decl":{"start":{"line":104,"column":44},"end":{"line":104,"column":52}},"loc":{"start":{"line":104,"column":75},"end":{"line":150,"column":7}},"line":104},"12":{"name":"_callee3$","decl":{"start":{"line":106,"column":53},"end":{"line":106,"column":62}},"loc":{"start":{"line":106,"column":74},"end":{"line":149,"column":9}},"line":106},"13":{"name":"updateOrderItem","decl":{"start":{"line":152,"column":15},"end":{"line":152,"column":30}},"loc":{"start":{"line":152,"column":41},"end":{"line":154,"column":7}},"line":152},"14":{"name":"(anonymous_14)","decl":{"start":{"line":160,"column":11},"end":{"line":160,"column":12}},"loc":{"start":{"line":160,"column":23},"end":{"line":199,"column":5}},"line":160},"15":{"name":"_callee4","decl":{"start":{"line":163,"column":44},"end":{"line":163,"column":52}},"loc":{"start":{"line":163,"column":57},"end":{"line":192,"column":7}},"line":163},"16":{"name":"_callee4$","decl":{"start":{"line":165,"column":53},"end":{"line":165,"column":62}},"loc":{"start":{"line":165,"column":74},"end":{"line":191,"column":9}},"line":165},"17":{"name":"getOrderItem","decl":{"start":{"line":194,"column":15},"end":{"line":194,"column":27}},"loc":{"start":{"line":194,"column":33},"end":{"line":196,"column":7}},"line":194},"18":{"name":"(anonymous_18)","decl":{"start":{"line":202,"column":11},"end":{"line":202,"column":12}},"loc":{"start":{"line":202,"column":23},"end":{"line":259,"column":5}},"line":202},"19":{"name":"_callee5","decl":{"start":{"line":205,"column":44},"end":{"line":205,"column":52}},"loc":{"start":{"line":205,"column":57},"end":{"line":252,"column":7}},"line":205},"20":{"name":"_callee5$","decl":{"start":{"line":207,"column":53},"end":{"line":207,"column":62}},"loc":{"start":{"line":207,"column":74},"end":{"line":251,"column":9}},"line":207},"21":{"name":"deleteOrderItem","decl":{"start":{"line":254,"column":15},"end":{"line":254,"column":30}},"loc":{"start":{"line":254,"column":36},"end":{"line":256,"column":7}},"line":254}},"branchMap":{"0":{"loc":{"start":{"line":35,"column":12},"end":{"line":52,"column":13}},"type":"switch","locations":[{"start":{"line":36,"column":14},"end":{"line":39,"column":58}},{"start":{"line":41,"column":14},"end":{"line":42,"column":64}},{"start":{"line":44,"column":14},"end":{"line":47,"column":34}},{"start":{"line":49,"column":14},"end":{"line":49,"column":21}},{"start":{"line":50,"column":14},"end":{"line":51,"column":39}}],"line":35},"1":{"loc":{"start":{"line":71,"column":12},"end":{"line":88,"column":13}},"type":"switch","locations":[{"start":{"line":72,"column":14},"end":{"line":75,"column":69}},{"start":{"line":77,"column":14},"end":{"line":78,"column":66}},{"start":{"line":80,"column":14},"end":{"line":83,"column":35}},{"start":{"line":85,"column":14},"end":{"line":85,"column":21}},{"start":{"line":86,"column":14},"end":{"line":87,"column":40}}],"line":71},"2":{"loc":{"start":{"line":108,"column":12},"end":{"line":147,"column":13}},"type":"switch","locations":[{"start":{"line":109,"column":14},"end":{"line":116,"column":19}},{"start":{"line":118,"column":14},"end":{"line":131,"column":19}},{"start":{"line":133,"column":14},"end":{"line":134,"column":68}},{"start":{"line":136,"column":14},"end":{"line":137,"column":56}},{"start":{"line":139,"column":14},"end":{"line":142,"column":35}},{"start":{"line":144,"column":14},"end":{"line":144,"column":22}},{"start":{"line":145,"column":14},"end":{"line":146,"column":40}}],"line":108},"3":{"loc":{"start":{"line":121,"column":16},"end":{"line":124,"column":17}},"type":"if","locations":[{"start":{"line":121,"column":16},"end":{"line":124,"column":17}},{"start":{"line":121,"column":16},"end":{"line":124,"column":17}}],"line":121},"4":{"loc":{"start":{"line":167,"column":12},"end":{"line":189,"column":13}},"type":"switch","locations":[{"start":{"line":168,"column":14},"end":{"line":175,"column":19}},{"start":{"line":177,"column":14},"end":{"line":179,"column":64}},{"start":{"line":181,"column":14},"end":{"line":184,"column":35}},{"start":{"line":186,"column":14},"end":{"line":186,"column":22}},{"start":{"line":187,"column":14},"end":{"line":188,"column":40}}],"line":167},"5":{"loc":{"start":{"line":209,"column":12},"end":{"line":249,"column":13}},"type":"switch","locations":[{"start":{"line":210,"column":14},"end":{"line":217,"column":19}},{"start":{"line":219,"column":14},"end":{"line":232,"column":19}},{"start":{"line":234,"column":14},"end":{"line":236,"column":68}},{"start":{"line":238,"column":14},"end":{"line":239,"column":56}},{"start":{"line":241,"column":14},"end":{"line":244,"column":35}},{"start":{"line":246,"column":14},"end":{"line":246,"column":22}},{"start":{"line":247,"column":14},"end":{"line":248,"column":40}}],"line":209},"6":{"loc":{"start":{"line":222,"column":16},"end":{"line":225,"column":17}},"type":"if","locations":[{"start":{"line":222,"column":16},"end":{"line":225,"column":17}},{"start":{"line":222,"column":16},"end":{"line":225,"column":17}}],"line":222}},"s":{"0":1,"1":1,"2":1,"3":1,"4":1,"5":1,"6":1,"7":1,"8":1,"9":0,"10":1,"11":1,"12":0,"13":0,"14":0,"15":0,"16":0,"17":0,"18":0,"19":0,"20":0,"21":0,"22":0,"23":0,"24":1,"25":1,"26":0,"27":0,"28":0,"29":0,"30":0,"31":0,"32":0,"33":0,"34":0,"35":0,"36":0,"37":0,"38":1,"39":1,"40":0,"41":0,"42":0,"43":0,"44":0,"45":0,"46":0,"47":0,"48":0,"49":0,"50":0,"51":0,"52":0,"53":0,"54":0,"55":0,"56":0,"57":0,"58":0,"59":1,"60":1,"61":0,"62":0,"63":0,"64":0,"65":0,"66":0,"67":0,"68":0,"69":0,"70":0,"71":0,"72":0,"73":0,"74":1,"75":1,"76":0,"77":0,"78":0,"79":0,"80":0,"81":0,"82":0,"83":0,"84":0,"85":0,"86":0,"87":0,"88":0,"89":0,"90":0,"91":0,"92":0,"93":0,"94":0,"95":0,"96":1,"97":1,"98":1,"99":1},"f":{"0":1,"1":0,"2":1,"3":0,"4":0,"5":0,"6":1,"7":0,"8":0,"9":0,"10":1,"11":0,"12":0,"13":0,"14":1,"15":0,"16":0,"17":0,"18":1,"19":0,"20":0,"21":0},"b":{"0":[0,0,0,0,0],"1":[0,0,0,0,0],"2":[0,0,0,0,0,0,0],"3":[0,0],"4":[0,0,0,0,0],"5":[0,0,0,0,0,0,0],"6":[0,0]},"inputSourceMap":{"version":3,"sources":["OrdemItemService.js"],"names":["OrderItemService","database","Itens","findAll","newOrderItem","create","id","updateOrderItem","findOne","where","Number","orderItemToUpdate","update","theOrderItem","orderItemToDelete","destroy","deletedOrderItem"],"mappings":";;;;;;;;;;;;;;;;;AAAA;;IAEMA,gB;;;;;;;;;;;;;;;;;;;uBAGaC,mBAASC,KAAT,CAAeC,OAAf,E;;;;;;;;;;;;;;;;;;;;;;;;;;;;;qDAMSC,Y;;;;;;;uBAETH,mBAASC,KAAT,CAAeG,MAAf,CAAsBD,YAAtB,C;;;;;;;;;;;;;;;;;;;;;;;;;;;;;qDAMYE,E,EAAIC,gB;;;;;;;;uBAEGN,mBAASC,KAAT,CAAeM,OAAf,CAAuB;AACrDC,kBAAAA,KAAK,EAAE;AAAEH,oBAAAA,EAAE,EAAEI,MAAM,CAACJ,EAAD;AAAZ;AAD8C,iBAAvB,C;;;AAA1BK,gBAAAA,iB;;qBAIFA,iB;;;;;;uBACIV,mBAASC,KAAT,CAAeU,MAAf,CAAsBL,gBAAtB,EAAuC;AAAEE,kBAAAA,KAAK,EAAE;AAAEH,oBAAAA,EAAE,EAAEI,MAAM,CAACJ,EAAD;AAAZ;AAAT,iBAAvC,C;;;kDAECC,gB;;;kDAEF,I;;;;;;;;;;;;;;;;;;;;;;;;;;qDAMeD,E;;;;;;;;uBAEKL,mBAASC,KAAT,CAAeM,OAAf,CAAuB;AAChDC,kBAAAA,KAAK,EAAE;AAAEH,oBAAAA,EAAE,EAAEI,MAAM,CAACJ,EAAD;AAAZ;AADyC,iBAAvB,C;;;AAArBO,gBAAAA,Y;kDAICA,Y;;;;;;;;;;;;;;;;;;;;;;;;;;qDAMoBP,E;;;;;;;;uBAEOL,mBAASC,KAAT,CAAeM,OAAf,CAAuB;AAAEC,kBAAAA,KAAK,EAAE;AAAEH,oBAAAA,EAAE,EAAEI,MAAM,CAACJ,EAAD;AAAZ;AAAT,iBAAvB,C;;;AAA1BQ,gBAAAA,iB;;qBAEFA,iB;;;;;;uBAC6Bb,mBAASC,KAAT,CAAea,OAAf,CAAuB;AACpDN,kBAAAA,KAAK,EAAE;AAAEH,oBAAAA,EAAE,EAAEI,MAAM,CAACJ,EAAD;AAAZ;AAD6C,iBAAvB,C;;;AAAzBU,gBAAAA,gB;kDAGCA,gB;;;kDAEF,I;;;;;;;;;;;;;;;;;;;;;;;;;eAOAhB,gB","sourceRoot":"/app/api/server/services","sourcesContent":["import database from '../src/models';\n\nclass OrderItemService {\n  static async getAllOrderItens() {\n    try {\n      return await database.Itens.findAll()\n    } catch (error) {\n      throw error\n    }\n  }\n\n  static async addOrderItem(newOrderItem) {\n    try {\n      return await database.Itens.create(newOrderItem)\n    } catch (error) {\n      throw error\n    }\n  }\n\n  static async updateOrderItem(id, updateOrderItem) {\n    try {\n      const orderItemToUpdate = await database.Itens.findOne({\n        where: { id: Number(id) }\n      })\n\n      if (orderItemToUpdate) {\n        await database.Itens.update(updateOrderItem, { where: { id: Number(id) } })\n\n        return updateOrderItem\n      }\n      return null\n    } catch (error) {\n      throw error\n    }\n  }\n\n  static async getOrderItem(id) {\n    try {\n      const theOrderItem = await database.Itens.findOne({\n        where: { id: Number(id) }\n      })\n\n      return theOrderItem\n    } catch (error) {\n      throw error\n    }\n  }\n\n    static async deleteOrderItem(id) {\n      try {\n        const orderItemToDelete = await database.Itens.findOne({ where: { id: Number(id) } })\n\n        if (orderItemToDelete) {\n          const deletedOrderItem = await database.Itens.destroy({\n            where: { id: Number(id) }\n          })\n          return deletedOrderItem\n        }\n        return null\n      } catch (error) {\n        throw error\n      }\n    }\n}\n\nexport default OrderItemService;"]},"_coverageSchema":"1a1c01bbd47fc00a2c39e90264f33305004495a9","hash":"13ac82fd3128d0de418fcbd18b1c10774611965a","contentHash":"f43a72ce2338132707ee00e0da74668fd610e73672a13565fd4f753cefd99d5d"}}